Detecting C compiler ABI info failed to compile with the following output:
Change Dir: /home/user/Desktop/testtttt/build/CMakeFiles/CMakeScratch/TryCompile-ySN6GD

Run Build Command(s):/usr/bin/gmake -f Makefile cmTC_a5ce1/fast && /usr/bin/gmake  -f CMakeFiles/cmTC_a5ce1.dir/build.make CMakeFiles/cmTC_a5ce1.dir/build
gmake[1]: Entering directory '/home/user/Desktop/testtttt/build/CMakeFiles/CMakeScratch/TryCompile-ySN6GD'
Building C object CMakeFiles/cmTC_a5ce1.dir/CMakeCCompilerABI.c.o
/usr/bin/riscv64-unknown-elf-gcc   -v -o CMakeFiles/cmTC_a5ce1.dir/CMakeCCompilerABI.c.o -c /usr/share/cmake-3.25/Modules/CMakeCCompilerABI.c
Using built-in specs.
COLLECT_GCC=/usr/bin/riscv64-unknown-elf-gcc
Target: riscv64-unknown-elf
Configured with: ../gcc-12.2.0/configure --build=x86_64-linux-gnu --prefix=/usr --includedir='/usr/lib/include' --mandir='/usr/lib/share/man' --infodir='/usr/lib/share/info' --sysconfdir=/etc --localstatedir=/var --disable-option-checking --disable-silent-rules --libdir='/usr/lib/lib/x86_64-linux-gnu' --libexecdir='/usr/lib/lib/x86_64-linux-gnu' --disable-maintainer-mode --disable-dependency-tracking --enable-languages=c,c++ --prefix=/usr/lib --infodir=/usr/share/doc/gcc-riscv64-unknown-elf/info --mandir=/usr/share/man --htmldir=/usr/share/doc/gcc-riscv64-unknown-elf/html --pdfdir=/usr/share/doc/gcc-riscv64-unknown-elf/pdf --bindir=/usr/bin --libexecdir=/usr/lib --libdir=/usr/lib --with-system-zlib --enable-multilib --disable-decimal-float --disable-libffi --disable-libgomp --disable-libmudflap --disable-libquadmath --disable-libssp --disable-libstdcxx-pch --disable-libstdc++-v3 --disable-nls --disable-shared --disable-threads --with-arch=rv64imafdc --enable-tls --build=x86_64-linux-gnu --host=x86_64-linux-gnu --target=riscv64-unknown-elf --with-gnu-as --with-gnu-ld --with-headers=no --without-newlib --with-pkgversion=12.2.0-14+11+b1 --without-included-gettext SED=/bin/sed SHELL=/bin/sh BASH=/bin/bash CONFIG_SHELL=/bin/bash AR_FOR_TARGET=riscv64-unknown-elf-ar AS_FOR_TARGET=riscv64-unknown-elf-as LD_FOR_TARGET=riscv64-unknown-elf-ld NM_FOR_TARGET=riscv64-unknown-elf-nm OBJDUMP_FOR_TARGET=riscv64-unknown-elf-objdump RANLIB_FOR_TARGET=riscv64-unknown-elf-ranlib READELF_FOR_TARGET=riscv64-unknown-elf-readelf STRIP_FOR_TARGET=riscv64-unknown-elf-strip ASFLAGS= CFLAGS='-g -O2 -ffile-prefix-map=/build/gcc-riscv64-unknown-elf-jdqiw5/gcc-riscv64-unknown-elf-11+b1=. -fstack-protector-strong' CPPFLAGS='-Wdate-time -D_FORTIFY_SOURCE=2' CXXFLAGS='-g -O2 -ffile-prefix-map=/build/gcc-riscv64-unknown-elf-jdqiw5/gcc-riscv64-unknown-elf-11+b1=. -fstack-protector-strong' DFLAGS=-frelease FCFLAGS='-g -O2 -ffile-prefix-map=/build/gcc-riscv64-unknown-elf-jdqiw5/gcc-riscv64-unknown-elf-11+b1=. -fstack-protector-strong' FFLAGS='-g -O2 -ffile-prefix-map=/build/gcc-riscv64-unknown-elf-jdqiw5/gcc-riscv64-unknown-elf-11+b1=. -fstack-protector-strong' GCJFLAGS='-g -O2 -ffile-prefix-map=/build/gcc-riscv64-unknown-elf-jdqiw5/gcc-riscv64-unknown-elf-11+b1=. -fstack-protector-strong' LDFLAGS='-Wl,-z,relro -Wl,-z,now' OBJCFLAGS='-g -O2 -ffile-prefix-map=/build/gcc-riscv64-unknown-elf-jdqiw5/gcc-riscv64-unknown-elf-11+b1=. -fstack-protector-strong' OBJCXXFLAGS='-g -O2 -ffile-prefix-map=/build/gcc-riscv64-unknown-elf-jdqiw5/gcc-riscv64-unknown-elf-11+b1=. -fstack-protector-strong' INHIBIT_LIBC_CFLAGS=-DUSE_TM_CLONE_REGISTRY=0 'CFLAGS_FOR_TARGET=-Os -mcmodel=medany' 'CXXFLAGS_FOR_TARGET=-Os -mcmodel=medany'
Thread model: single
Supported LTO compression algorithms: zlib
gcc version 12.2.0 (12.2.0-14+11+b1) 
COLLECT_GCC_OPTIONS='-v' '-o' 'CMakeFiles/cmTC_a5ce1.dir/CMakeCCompilerABI.c.o' '-c' '-march=rv64imafdc' '-mabi=lp64d' '-misa-spec=20191213' '-march=rv64imafdc_zicsr' '-dumpdir' 'CMakeFiles/cmTC_a5ce1.dir/'
 /usr/lib/gcc/riscv64-unknown-elf/12.2.0/cc1 -quiet -v /usr/share/cmake-3.25/Modules/CMakeCCompilerABI.c -quiet -dumpdir CMakeFiles/cmTC_a5ce1.dir/ -dumpbase CMakeCCompilerABI.c.c -dumpbase-ext .c -march=rv64imafdc -mabi=lp64d -misa-spec=20191213 -march=rv64imafdc_zicsr -version -o /tmp/ccMBjnR6.s
GNU C17 (12.2.0-14+11+b1) version 12.2.0 (riscv64-unknown-elf)
	compiled by GNU C version 12.2.0, GMP version 6.2.1, MPFR version 4.2.0, MPC version 1.3.1, isl version isl-0.25-GMP

GGC heuristics: --param ggc-min-expand=100 --param ggc-min-heapsize=131072
ignoring nonexistent directory "/usr/lib/gcc/riscv64-unknown-elf/12.2.0/../../../riscv64-unknown-elf/sys-include"
ignoring nonexistent directory "/usr/lib/gcc/riscv64-unknown-elf/12.2.0/../../../riscv64-unknown-elf/include"
#include "..." search starts here:
#include <...> search starts here:
 /usr/lib/gcc/riscv64-unknown-elf/12.2.0/include
 /usr/lib/gcc/riscv64-unknown-elf/12.2.0/include-fixed
End of search list.
GNU C17 (12.2.0-14+11+b1) version 12.2.0 (riscv64-unknown-elf)
	compiled by GNU C version 12.2.0, GMP version 6.2.1, MPFR version 4.2.0, MPC version 1.3.1, isl version isl-0.25-GMP

GGC heuristics: --param ggc-min-expand=100 --param ggc-min-heapsize=131072
Compiler executable checksum: 22c67a28cd545d264f1d38d96274d665
COLLECT_GCC_OPTIONS='-v' '-o' 'CMakeFiles/cmTC_a5ce1.dir/CMakeCCompilerABI.c.o' '-c' '-march=rv64imafdc' '-mabi=lp64d' '-misa-spec=20191213' '-march=rv64imafdc_zicsr' '-dumpdir' 'CMakeFiles/cmTC_a5ce1.dir/'
 /usr/lib/gcc/riscv64-unknown-elf/12.2.0/../../../riscv64-unknown-elf/bin/as -v --traditional-format -march=rv64imafdc -march=rv64imafdc_zicsr -mabi=lp64d -misa-spec=20191213 -o CMakeFiles/cmTC_a5ce1.dir/CMakeCCompilerABI.c.o /tmp/ccMBjnR6.s
GNU assembler version 2.40 (riscv64-unknown-elf) using BFD version (2.40-2+4+b1) 2.40
COMPILER_PATH=/usr/lib/gcc/riscv64-unknown-elf/12.2.0/:/usr/lib/gcc/riscv64-unknown-elf/12.2.0/:/usr/lib/gcc/riscv64-unknown-elf/:/usr/lib/gcc/riscv64-unknown-elf/12.2.0/:/usr/lib/gcc/riscv64-unknown-elf/:/usr/lib/gcc/riscv64-unknown-elf/12.2.0/../../../riscv64-unknown-elf/bin/
LIBRARY_PATH=/usr/lib/gcc/riscv64-unknown-elf/12.2.0/
COLLECT_GCC_OPTIONS='-v' '-o' 'CMakeFiles/cmTC_a5ce1.dir/CMakeCCompilerABI.c.o' '-c' '-march=rv64imafdc' '-mabi=lp64d' '-misa-spec=20191213' '-march=rv64imafdc_zicsr' '-dumpdir' 'CMakeFiles/cmTC_a5ce1.dir/CMakeCCompilerABI.c.'
Linking C executable cmTC_a5ce1
/usr/bin/cmake -E cmake_link_script CMakeFiles/cmTC_a5ce1.dir/link.txt --verbose=1
/usr/bin/riscv64-unknown-elf-gcc  -v CMakeFiles/cmTC_a5ce1.dir/CMakeCCompilerABI.c.o -o cmTC_a5ce1 
Using built-in specs.
COLLECT_GCC=/usr/bin/riscv64-unknown-elf-gcc
COLLECT_LTO_WRAPPER=/usr/lib/gcc/riscv64-unknown-elf/12.2.0/lto-wrapper
Target: riscv64-unknown-elf
Configured with: ../gcc-12.2.0/configure --build=x86_64-linux-gnu --prefix=/usr --includedir='/usr/lib/include' --mandir='/usr/lib/share/man' --infodir='/usr/lib/share/info' --sysconfdir=/etc --localstatedir=/var --disable-option-checking --disable-silent-rules --libdir='/usr/lib/lib/x86_64-linux-gnu' --libexecdir='/usr/lib/lib/x86_64-linux-gnu' --disable-maintainer-mode --disable-dependency-tracking --enable-languages=c,c++ --prefix=/usr/lib --infodir=/usr/share/doc/gcc-riscv64-unknown-elf/info --mandir=/usr/share/man --htmldir=/usr/share/doc/gcc-riscv64-unknown-elf/html --pdfdir=/usr/share/doc/gcc-riscv64-unknown-elf/pdf --bindir=/usr/bin --libexecdir=/usr/lib --libdir=/usr/lib --with-system-zlib --enable-multilib --disable-decimal-float --disable-libffi --disable-libgomp --disable-libmudflap --disable-libquadmath --disable-libssp --disable-libstdcxx-pch --disable-libstdc++-v3 --disable-nls --disable-shared --disable-threads --with-arch=rv64imafdc --enable-tls --build=x86_64-linux-gnu --host=x86_64-linux-gnu --target=riscv64-unknown-elf --with-gnu-as --with-gnu-ld --with-headers=no --without-newlib --with-pkgversion=12.2.0-14+11+b1 --without-included-gettext SED=/bin/sed SHELL=/bin/sh BASH=/bin/bash CONFIG_SHELL=/bin/bash AR_FOR_TARGET=riscv64-unknown-elf-ar AS_FOR_TARGET=riscv64-unknown-elf-as LD_FOR_TARGET=riscv64-unknown-elf-ld NM_FOR_TARGET=riscv64-unknown-elf-nm OBJDUMP_FOR_TARGET=riscv64-unknown-elf-objdump RANLIB_FOR_TARGET=riscv64-unknown-elf-ranlib READELF_FOR_TARGET=riscv64-unknown-elf-readelf STRIP_FOR_TARGET=riscv64-unknown-elf-strip ASFLAGS= CFLAGS='-g -O2 -ffile-prefix-map=/build/gcc-riscv64-unknown-elf-jdqiw5/gcc-riscv64-unknown-elf-11+b1=. -fstack-protector-strong' CPPFLAGS='-Wdate-time -D_FORTIFY_SOURCE=2' CXXFLAGS='-g -O2 -ffile-prefix-map=/build/gcc-riscv64-unknown-elf-jdqiw5/gcc-riscv64-unknown-elf-11+b1=. -fstack-protector-strong' DFLAGS=-frelease FCFLAGS='-g -O2 -ffile-prefix-map=/build/gcc-riscv64-unknown-elf-jdqiw5/gcc-riscv64-unknown-elf-11+b1=. -fstack-protector-strong' FFLAGS='-g -O2 -ffile-prefix-map=/build/gcc-riscv64-unknown-elf-jdqiw5/gcc-riscv64-unknown-elf-11+b1=. -fstack-protector-strong' GCJFLAGS='-g -O2 -ffile-prefix-map=/build/gcc-riscv64-unknown-elf-jdqiw5/gcc-riscv64-unknown-elf-11+b1=. -fstack-protector-strong' LDFLAGS='-Wl,-z,relro -Wl,-z,now' OBJCFLAGS='-g -O2 -ffile-prefix-map=/build/gcc-riscv64-unknown-elf-jdqiw5/gcc-riscv64-unknown-elf-11+b1=. -fstack-protector-strong' OBJCXXFLAGS='-g -O2 -ffile-prefix-map=/build/gcc-riscv64-unknown-elf-jdqiw5/gcc-riscv64-unknown-elf-11+b1=. -fstack-protector-strong' INHIBIT_LIBC_CFLAGS=-DUSE_TM_CLONE_REGISTRY=0 'CFLAGS_FOR_TARGET=-Os -mcmodel=medany' 'CXXFLAGS_FOR_TARGET=-Os -mcmodel=medany'
Thread model: single
Supported LTO compression algorithms: zlib
gcc version 12.2.0 (12.2.0-14+11+b1) 
COMPILER_PATH=/usr/lib/gcc/riscv64-unknown-elf/12.2.0/:/usr/lib/gcc/riscv64-unknown-elf/12.2.0/:/usr/lib/gcc/riscv64-unknown-elf/:/usr/lib/gcc/riscv64-unknown-elf/12.2.0/:/usr/lib/gcc/riscv64-unknown-elf/:/usr/lib/gcc/riscv64-unknown-elf/12.2.0/../../../riscv64-unknown-elf/bin/
LIBRARY_PATH=/usr/lib/gcc/riscv64-unknown-elf/12.2.0/
COLLECT_GCC_OPTIONS='-v' '-o' 'cmTC_a5ce1' '-march=rv64imafdc' '-mabi=lp64d' '-misa-spec=20191213' '-march=rv64imafdc_zicsr' '-dumpdir' 'cmTC_a5ce1.'
 /usr/lib/gcc/riscv64-unknown-elf/12.2.0/collect2 -plugin /usr/lib/gcc/riscv64-unknown-elf/12.2.0/liblto_plugin.so -plugin-opt=/usr/lib/gcc/riscv64-unknown-elf/12.2.0/lto-wrapper -plugin-opt=-fresolution=/tmp/ccGpwJda.res -plugin-opt=-pass-through=-lgcc -plugin-opt=-pass-through=-lc -plugin-opt=-pass-through=-lgloss -plugin-opt=-pass-through=-lgcc -melf64lriscv -o cmTC_a5ce1 crt0.o /usr/lib/gcc/riscv64-unknown-elf/12.2.0/crtbegin.o -L/usr/lib/gcc/riscv64-unknown-elf/12.2.0 CMakeFiles/cmTC_a5ce1.dir/CMakeCCompilerABI.c.o -lgcc --start-group -lc -lgloss --end-group -lgcc /usr/lib/gcc/riscv64-unknown-elf/12.2.0/crtend.o
/usr/lib/gcc/riscv64-unknown-elf/12.2.0/../../../riscv64-unknown-elf/bin/ld: cannot find crt0.o: No such file or directory
/usr/lib/gcc/riscv64-unknown-elf/12.2.0/../../../riscv64-unknown-elf/bin/ld: cannot find -lc: No such file or directory
/usr/lib/gcc/riscv64-unknown-elf/12.2.0/../../../riscv64-unknown-elf/bin/ld: cannot find -lgloss: No such file or directory
collect2: error: ld returned 1 exit status
gmake[1]: *** [CMakeFiles/cmTC_a5ce1.dir/build.make:99: cmTC_a5ce1] Error 1
gmake[1]: Leaving directory '/home/user/Desktop/testtttt/build/CMakeFiles/CMakeScratch/TryCompile-ySN6GD'
gmake: *** [Makefile:127: cmTC_a5ce1/fast] Error 2




Determining if the C compiler works failed with the following output:
Change Dir: /home/user/Desktop/testtttt/build/CMakeFiles/CMakeScratch/TryCompile-37LIs9

Run Build Command(s):/usr/bin/gmake -f Makefile cmTC_f64a4/fast && /usr/bin/gmake  -f CMakeFiles/cmTC_f64a4.dir/build.make CMakeFiles/cmTC_f64a4.dir/build
gmake[1]: Entering directory '/home/user/Desktop/testtttt/build/CMakeFiles/CMakeScratch/TryCompile-37LIs9'
Building C object CMakeFiles/cmTC_f64a4.dir/testCCompiler.c.o
/usr/bin/riscv64-unknown-elf-gcc    -o CMakeFiles/cmTC_f64a4.dir/testCCompiler.c.o -c /home/user/Desktop/testtttt/build/CMakeFiles/CMakeScratch/TryCompile-37LIs9/testCCompiler.c
Linking C executable cmTC_f64a4
/usr/bin/cmake -E cmake_link_script CMakeFiles/cmTC_f64a4.dir/link.txt --verbose=1
/usr/bin/riscv64-unknown-elf-gcc CMakeFiles/cmTC_f64a4.dir/testCCompiler.c.o -o cmTC_f64a4 
/usr/lib/gcc/riscv64-unknown-elf/12.2.0/../../../riscv64-unknown-elf/bin/ld: cannot find crt0.o: No such file or directory
/usr/lib/gcc/riscv64-unknown-elf/12.2.0/../../../riscv64-unknown-elf/bin/ld: cannot find -lc: No such file or directory
/usr/lib/gcc/riscv64-unknown-elf/12.2.0/../../../riscv64-unknown-elf/bin/ld: cannot find -lgloss: No such file or directory
collect2: error: ld returned 1 exit status
gmake[1]: *** [CMakeFiles/cmTC_f64a4.dir/build.make:99: cmTC_f64a4] Error 1
gmake[1]: Leaving directory '/home/user/Desktop/testtttt/build/CMakeFiles/CMakeScratch/TryCompile-37LIs9'
gmake: *** [Makefile:127: cmTC_f64a4/fast] Error 2



Detecting C compiler ABI info failed to compile with the following output:
Change Dir: /home/user/Desktop/testtttt/build/CMakeFiles/CMakeScratch/TryCompile-ulU5iD

Run Build Command(s):/usr/bin/gmake -f Makefile cmTC_a92af/fast && /usr/bin/gmake  -f CMakeFiles/cmTC_a92af.dir/build.make CMakeFiles/cmTC_a92af.dir/build
gmake[1]: Entering directory '/home/user/Desktop/testtttt/build/CMakeFiles/CMakeScratch/TryCompile-ulU5iD'
Building C object CMakeFiles/cmTC_a92af.dir/CMakeCCompilerABI.c.o
/usr/bin/riscv64-unknown-elf-gcc   -v -o CMakeFiles/cmTC_a92af.dir/CMakeCCompilerABI.c.o -c /usr/share/cmake-3.25/Modules/CMakeCCompilerABI.c
Using built-in specs.
COLLECT_GCC=/usr/bin/riscv64-unknown-elf-gcc
Target: riscv64-unknown-elf
Configured with: ../gcc-12.2.0/configure --build=x86_64-linux-gnu --prefix=/usr --includedir='/usr/lib/include' --mandir='/usr/lib/share/man' --infodir='/usr/lib/share/info' --sysconfdir=/etc --localstatedir=/var --disable-option-checking --disable-silent-rules --libdir='/usr/lib/lib/x86_64-linux-gnu' --libexecdir='/usr/lib/lib/x86_64-linux-gnu' --disable-maintainer-mode --disable-dependency-tracking --enable-languages=c,c++ --prefix=/usr/lib --infodir=/usr/share/doc/gcc-riscv64-unknown-elf/info --mandir=/usr/share/man --htmldir=/usr/share/doc/gcc-riscv64-unknown-elf/html --pdfdir=/usr/share/doc/gcc-riscv64-unknown-elf/pdf --bindir=/usr/bin --libexecdir=/usr/lib --libdir=/usr/lib --with-system-zlib --enable-multilib --disable-decimal-float --disable-libffi --disable-libgomp --disable-libmudflap --disable-libquadmath --disable-libssp --disable-libstdcxx-pch --disable-libstdc++-v3 --disable-nls --disable-shared --disable-threads --with-arch=rv64imafdc --enable-tls --build=x86_64-linux-gnu --host=x86_64-linux-gnu --target=riscv64-unknown-elf --with-gnu-as --with-gnu-ld --with-headers=no --without-newlib --with-pkgversion=12.2.0-14+11+b1 --without-included-gettext SED=/bin/sed SHELL=/bin/sh BASH=/bin/bash CONFIG_SHELL=/bin/bash AR_FOR_TARGET=riscv64-unknown-elf-ar AS_FOR_TARGET=riscv64-unknown-elf-as LD_FOR_TARGET=riscv64-unknown-elf-ld NM_FOR_TARGET=riscv64-unknown-elf-nm OBJDUMP_FOR_TARGET=riscv64-unknown-elf-objdump RANLIB_FOR_TARGET=riscv64-unknown-elf-ranlib READELF_FOR_TARGET=riscv64-unknown-elf-readelf STRIP_FOR_TARGET=riscv64-unknown-elf-strip ASFLAGS= CFLAGS='-g -O2 -ffile-prefix-map=/build/gcc-riscv64-unknown-elf-jdqiw5/gcc-riscv64-unknown-elf-11+b1=. -fstack-protector-strong' CPPFLAGS='-Wdate-time -D_FORTIFY_SOURCE=2' CXXFLAGS='-g -O2 -ffile-prefix-map=/build/gcc-riscv64-unknown-elf-jdqiw5/gcc-riscv64-unknown-elf-11+b1=. -fstack-protector-strong' DFLAGS=-frelease FCFLAGS='-g -O2 -ffile-prefix-map=/build/gcc-riscv64-unknown-elf-jdqiw5/gcc-riscv64-unknown-elf-11+b1=. -fstack-protector-strong' FFLAGS='-g -O2 -ffile-prefix-map=/build/gcc-riscv64-unknown-elf-jdqiw5/gcc-riscv64-unknown-elf-11+b1=. -fstack-protector-strong' GCJFLAGS='-g -O2 -ffile-prefix-map=/build/gcc-riscv64-unknown-elf-jdqiw5/gcc-riscv64-unknown-elf-11+b1=. -fstack-protector-strong' LDFLAGS='-Wl,-z,relro -Wl,-z,now' OBJCFLAGS='-g -O2 -ffile-prefix-map=/build/gcc-riscv64-unknown-elf-jdqiw5/gcc-riscv64-unknown-elf-11+b1=. -fstack-protector-strong' OBJCXXFLAGS='-g -O2 -ffile-prefix-map=/build/gcc-riscv64-unknown-elf-jdqiw5/gcc-riscv64-unknown-elf-11+b1=. -fstack-protector-strong' INHIBIT_LIBC_CFLAGS=-DUSE_TM_CLONE_REGISTRY=0 'CFLAGS_FOR_TARGET=-Os -mcmodel=medany' 'CXXFLAGS_FOR_TARGET=-Os -mcmodel=medany'
Thread model: single
Supported LTO compression algorithms: zlib
gcc version 12.2.0 (12.2.0-14+11+b1) 
COLLECT_GCC_OPTIONS='-v' '-o' 'CMakeFiles/cmTC_a92af.dir/CMakeCCompilerABI.c.o' '-c' '-march=rv64imafdc' '-mabi=lp64d' '-misa-spec=20191213' '-march=rv64imafdc_zicsr' '-dumpdir' 'CMakeFiles/cmTC_a92af.dir/'
 /usr/lib/gcc/riscv64-unknown-elf/12.2.0/cc1 -quiet -v /usr/share/cmake-3.25/Modules/CMakeCCompilerABI.c -quiet -dumpdir CMakeFiles/cmTC_a92af.dir/ -dumpbase CMakeCCompilerABI.c.c -dumpbase-ext .c -march=rv64imafdc -mabi=lp64d -misa-spec=20191213 -march=rv64imafdc_zicsr -version -o /tmp/cc771ida.s
GNU C17 (12.2.0-14+11+b1) version 12.2.0 (riscv64-unknown-elf)
	compiled by GNU C version 12.2.0, GMP version 6.2.1, MPFR version 4.2.0, MPC version 1.3.1, isl version isl-0.25-GMP

GGC heuristics: --param ggc-min-expand=100 --param ggc-min-heapsize=131072
ignoring nonexistent directory "/usr/lib/gcc/riscv64-unknown-elf/12.2.0/../../../riscv64-unknown-elf/sys-include"
ignoring nonexistent directory "/usr/lib/gcc/riscv64-unknown-elf/12.2.0/../../../riscv64-unknown-elf/include"
#include "..." search starts here:
#include <...> search starts here:
 /usr/lib/gcc/riscv64-unknown-elf/12.2.0/include
 /usr/lib/gcc/riscv64-unknown-elf/12.2.0/include-fixed
End of search list.
GNU C17 (12.2.0-14+11+b1) version 12.2.0 (riscv64-unknown-elf)
	compiled by GNU C version 12.2.0, GMP version 6.2.1, MPFR version 4.2.0, MPC version 1.3.1, isl version isl-0.25-GMP

GGC heuristics: --param ggc-min-expand=100 --param ggc-min-heapsize=131072
Compiler executable checksum: 22c67a28cd545d264f1d38d96274d665
COLLECT_GCC_OPTIONS='-v' '-o' 'CMakeFiles/cmTC_a92af.dir/CMakeCCompilerABI.c.o' '-c' '-march=rv64imafdc' '-mabi=lp64d' '-misa-spec=20191213' '-march=rv64imafdc_zicsr' '-dumpdir' 'CMakeFiles/cmTC_a92af.dir/'
 /usr/lib/gcc/riscv64-unknown-elf/12.2.0/../../../riscv64-unknown-elf/bin/as -v --traditional-format -march=rv64imafdc -march=rv64imafdc_zicsr -mabi=lp64d -misa-spec=20191213 -o CMakeFiles/cmTC_a92af.dir/CMakeCCompilerABI.c.o /tmp/cc771ida.s
GNU assembler version 2.40 (riscv64-unknown-elf) using BFD version (2.40-2+4+b1) 2.40
COMPILER_PATH=/usr/lib/gcc/riscv64-unknown-elf/12.2.0/:/usr/lib/gcc/riscv64-unknown-elf/12.2.0/:/usr/lib/gcc/riscv64-unknown-elf/:/usr/lib/gcc/riscv64-unknown-elf/12.2.0/:/usr/lib/gcc/riscv64-unknown-elf/:/usr/lib/gcc/riscv64-unknown-elf/12.2.0/../../../riscv64-unknown-elf/bin/
LIBRARY_PATH=/usr/lib/gcc/riscv64-unknown-elf/12.2.0/
COLLECT_GCC_OPTIONS='-v' '-o' 'CMakeFiles/cmTC_a92af.dir/CMakeCCompilerABI.c.o' '-c' '-march=rv64imafdc' '-mabi=lp64d' '-misa-spec=20191213' '-march=rv64imafdc_zicsr' '-dumpdir' 'CMakeFiles/cmTC_a92af.dir/CMakeCCompilerABI.c.'
Linking C executable cmTC_a92af
/usr/bin/cmake -E cmake_link_script CMakeFiles/cmTC_a92af.dir/link.txt --verbose=1
/usr/bin/riscv64-unknown-elf-gcc  -v CMakeFiles/cmTC_a92af.dir/CMakeCCompilerABI.c.o -o cmTC_a92af 
Using built-in specs.
COLLECT_GCC=/usr/bin/riscv64-unknown-elf-gcc
COLLECT_LTO_WRAPPER=/usr/lib/gcc/riscv64-unknown-elf/12.2.0/lto-wrapper
Target: riscv64-unknown-elf
Configured with: ../gcc-12.2.0/configure --build=x86_64-linux-gnu --prefix=/usr --includedir='/usr/lib/include' --mandir='/usr/lib/share/man' --infodir='/usr/lib/share/info' --sysconfdir=/etc --localstatedir=/var --disable-option-checking --disable-silent-rules --libdir='/usr/lib/lib/x86_64-linux-gnu' --libexecdir='/usr/lib/lib/x86_64-linux-gnu' --disable-maintainer-mode --disable-dependency-tracking --enable-languages=c,c++ --prefix=/usr/lib --infodir=/usr/share/doc/gcc-riscv64-unknown-elf/info --mandir=/usr/share/man --htmldir=/usr/share/doc/gcc-riscv64-unknown-elf/html --pdfdir=/usr/share/doc/gcc-riscv64-unknown-elf/pdf --bindir=/usr/bin --libexecdir=/usr/lib --libdir=/usr/lib --with-system-zlib --enable-multilib --disable-decimal-float --disable-libffi --disable-libgomp --disable-libmudflap --disable-libquadmath --disable-libssp --disable-libstdcxx-pch --disable-libstdc++-v3 --disable-nls --disable-shared --disable-threads --with-arch=rv64imafdc --enable-tls --build=x86_64-linux-gnu --host=x86_64-linux-gnu --target=riscv64-unknown-elf --with-gnu-as --with-gnu-ld --with-headers=no --without-newlib --with-pkgversion=12.2.0-14+11+b1 --without-included-gettext SED=/bin/sed SHELL=/bin/sh BASH=/bin/bash CONFIG_SHELL=/bin/bash AR_FOR_TARGET=riscv64-unknown-elf-ar AS_FOR_TARGET=riscv64-unknown-elf-as LD_FOR_TARGET=riscv64-unknown-elf-ld NM_FOR_TARGET=riscv64-unknown-elf-nm OBJDUMP_FOR_TARGET=riscv64-unknown-elf-objdump RANLIB_FOR_TARGET=riscv64-unknown-elf-ranlib READELF_FOR_TARGET=riscv64-unknown-elf-readelf STRIP_FOR_TARGET=riscv64-unknown-elf-strip ASFLAGS= CFLAGS='-g -O2 -ffile-prefix-map=/build/gcc-riscv64-unknown-elf-jdqiw5/gcc-riscv64-unknown-elf-11+b1=. -fstack-protector-strong' CPPFLAGS='-Wdate-time -D_FORTIFY_SOURCE=2' CXXFLAGS='-g -O2 -ffile-prefix-map=/build/gcc-riscv64-unknown-elf-jdqiw5/gcc-riscv64-unknown-elf-11+b1=. -fstack-protector-strong' DFLAGS=-frelease FCFLAGS='-g -O2 -ffile-prefix-map=/build/gcc-riscv64-unknown-elf-jdqiw5/gcc-riscv64-unknown-elf-11+b1=. -fstack-protector-strong' FFLAGS='-g -O2 -ffile-prefix-map=/build/gcc-riscv64-unknown-elf-jdqiw5/gcc-riscv64-unknown-elf-11+b1=. -fstack-protector-strong' GCJFLAGS='-g -O2 -ffile-prefix-map=/build/gcc-riscv64-unknown-elf-jdqiw5/gcc-riscv64-unknown-elf-11+b1=. -fstack-protector-strong' LDFLAGS='-Wl,-z,relro -Wl,-z,now' OBJCFLAGS='-g -O2 -ffile-prefix-map=/build/gcc-riscv64-unknown-elf-jdqiw5/gcc-riscv64-unknown-elf-11+b1=. -fstack-protector-strong' OBJCXXFLAGS='-g -O2 -ffile-prefix-map=/build/gcc-riscv64-unknown-elf-jdqiw5/gcc-riscv64-unknown-elf-11+b1=. -fstack-protector-strong' INHIBIT_LIBC_CFLAGS=-DUSE_TM_CLONE_REGISTRY=0 'CFLAGS_FOR_TARGET=-Os -mcmodel=medany' 'CXXFLAGS_FOR_TARGET=-Os -mcmodel=medany'
Thread model: single
Supported LTO compression algorithms: zlib
gcc version 12.2.0 (12.2.0-14+11+b1) 
COMPILER_PATH=/usr/lib/gcc/riscv64-unknown-elf/12.2.0/:/usr/lib/gcc/riscv64-unknown-elf/12.2.0/:/usr/lib/gcc/riscv64-unknown-elf/:/usr/lib/gcc/riscv64-unknown-elf/12.2.0/:/usr/lib/gcc/riscv64-unknown-elf/:/usr/lib/gcc/riscv64-unknown-elf/12.2.0/../../../riscv64-unknown-elf/bin/
LIBRARY_PATH=/usr/lib/gcc/riscv64-unknown-elf/12.2.0/
COLLECT_GCC_OPTIONS='-v' '-o' 'cmTC_a92af' '-march=rv64imafdc' '-mabi=lp64d' '-misa-spec=20191213' '-march=rv64imafdc_zicsr' '-dumpdir' 'cmTC_a92af.'
 /usr/lib/gcc/riscv64-unknown-elf/12.2.0/collect2 -plugin /usr/lib/gcc/riscv64-unknown-elf/12.2.0/liblto_plugin.so -plugin-opt=/usr/lib/gcc/riscv64-unknown-elf/12.2.0/lto-wrapper -plugin-opt=-fresolution=/tmp/ccAnbzKu.res -plugin-opt=-pass-through=-lgcc -plugin-opt=-pass-through=-lc -plugin-opt=-pass-through=-lgloss -plugin-opt=-pass-through=-lgcc -melf64lriscv -o cmTC_a92af crt0.o /usr/lib/gcc/riscv64-unknown-elf/12.2.0/crtbegin.o -L/usr/lib/gcc/riscv64-unknown-elf/12.2.0 CMakeFiles/cmTC_a92af.dir/CMakeCCompilerABI.c.o -lgcc --start-group -lc -lgloss --end-group -lgcc /usr/lib/gcc/riscv64-unknown-elf/12.2.0/crtend.o
/usr/lib/gcc/riscv64-unknown-elf/12.2.0/../../../riscv64-unknown-elf/bin/ld: cannot find crt0.o: No such file or directory
/usr/lib/gcc/riscv64-unknown-elf/12.2.0/../../../riscv64-unknown-elf/bin/ld: cannot find -lc: No such file or directory
/usr/lib/gcc/riscv64-unknown-elf/12.2.0/../../../riscv64-unknown-elf/bin/ld: cannot find -lgloss: No such file or directory
collect2: error: ld returned 1 exit status
gmake[1]: *** [CMakeFiles/cmTC_a92af.dir/build.make:99: cmTC_a92af] Error 1
gmake[1]: Leaving directory '/home/user/Desktop/testtttt/build/CMakeFiles/CMakeScratch/TryCompile-ulU5iD'
gmake: *** [Makefile:127: cmTC_a92af/fast] Error 2




Determining if the C compiler works failed with the following output:
Change Dir: /home/user/Desktop/testtttt/build/CMakeFiles/CMakeScratch/TryCompile-EJq0Lx

Run Build Command(s):/usr/bin/gmake -f Makefile cmTC_d0b83/fast && /usr/bin/gmake  -f CMakeFiles/cmTC_d0b83.dir/build.make CMakeFiles/cmTC_d0b83.dir/build
gmake[1]: Entering directory '/home/user/Desktop/testtttt/build/CMakeFiles/CMakeScratch/TryCompile-EJq0Lx'
Building C object CMakeFiles/cmTC_d0b83.dir/testCCompiler.c.o
/usr/bin/riscv64-unknown-elf-gcc    -o CMakeFiles/cmTC_d0b83.dir/testCCompiler.c.o -c /home/user/Desktop/testtttt/build/CMakeFiles/CMakeScratch/TryCompile-EJq0Lx/testCCompiler.c
Linking C executable cmTC_d0b83
/usr/bin/cmake -E cmake_link_script CMakeFiles/cmTC_d0b83.dir/link.txt --verbose=1
/usr/bin/riscv64-unknown-elf-gcc CMakeFiles/cmTC_d0b83.dir/testCCompiler.c.o -o cmTC_d0b83 
/usr/lib/gcc/riscv64-unknown-elf/12.2.0/../../../riscv64-unknown-elf/bin/ld: cannot find crt0.o: No such file or directory
/usr/lib/gcc/riscv64-unknown-elf/12.2.0/../../../riscv64-unknown-elf/bin/ld: cannot find -lc: No such file or directory
/usr/lib/gcc/riscv64-unknown-elf/12.2.0/../../../riscv64-unknown-elf/bin/ld: cannot find -lgloss: No such file or directory
collect2: error: ld returned 1 exit status
gmake[1]: *** [CMakeFiles/cmTC_d0b83.dir/build.make:99: cmTC_d0b83] Error 1
gmake[1]: Leaving directory '/home/user/Desktop/testtttt/build/CMakeFiles/CMakeScratch/TryCompile-EJq0Lx'
gmake: *** [Makefile:127: cmTC_d0b83/fast] Error 2



Detecting C compiler ABI info failed to compile with the following output:
Change Dir: /home/user/Desktop/testtttt/build/CMakeFiles/CMakeScratch/TryCompile-m1umSk

Run Build Command(s):/usr/bin/gmake -f Makefile cmTC_fbf45/fast && /usr/bin/gmake  -f CMakeFiles/cmTC_fbf45.dir/build.make CMakeFiles/cmTC_fbf45.dir/build
gmake[1]: Entering directory '/home/user/Desktop/testtttt/build/CMakeFiles/CMakeScratch/TryCompile-m1umSk'
Building C object CMakeFiles/cmTC_fbf45.dir/CMakeCCompilerABI.c.o
/usr/bin/riscv64-unknown-elf-gcc   -v -o CMakeFiles/cmTC_fbf45.dir/CMakeCCompilerABI.c.o -c /usr/share/cmake-3.25/Modules/CMakeCCompilerABI.c
Using built-in specs.
COLLECT_GCC=/usr/bin/riscv64-unknown-elf-gcc
Target: riscv64-unknown-elf
Configured with: ../gcc-12.2.0/configure --build=x86_64-linux-gnu --prefix=/usr --includedir='/usr/lib/include' --mandir='/usr/lib/share/man' --infodir='/usr/lib/share/info' --sysconfdir=/etc --localstatedir=/var --disable-option-checking --disable-silent-rules --libdir='/usr/lib/lib/x86_64-linux-gnu' --libexecdir='/usr/lib/lib/x86_64-linux-gnu' --disable-maintainer-mode --disable-dependency-tracking --enable-languages=c,c++ --prefix=/usr/lib --infodir=/usr/share/doc/gcc-riscv64-unknown-elf/info --mandir=/usr/share/man --htmldir=/usr/share/doc/gcc-riscv64-unknown-elf/html --pdfdir=/usr/share/doc/gcc-riscv64-unknown-elf/pdf --bindir=/usr/bin --libexecdir=/usr/lib --libdir=/usr/lib --with-system-zlib --enable-multilib --disable-decimal-float --disable-libffi --disable-libgomp --disable-libmudflap --disable-libquadmath --disable-libssp --disable-libstdcxx-pch --disable-libstdc++-v3 --disable-nls --disable-shared --disable-threads --with-arch=rv64imafdc --enable-tls --build=x86_64-linux-gnu --host=x86_64-linux-gnu --target=riscv64-unknown-elf --with-gnu-as --with-gnu-ld --with-headers=no --without-newlib --with-pkgversion=12.2.0-14+11+b1 --without-included-gettext SED=/bin/sed SHELL=/bin/sh BASH=/bin/bash CONFIG_SHELL=/bin/bash AR_FOR_TARGET=riscv64-unknown-elf-ar AS_FOR_TARGET=riscv64-unknown-elf-as LD_FOR_TARGET=riscv64-unknown-elf-ld NM_FOR_TARGET=riscv64-unknown-elf-nm OBJDUMP_FOR_TARGET=riscv64-unknown-elf-objdump RANLIB_FOR_TARGET=riscv64-unknown-elf-ranlib READELF_FOR_TARGET=riscv64-unknown-elf-readelf STRIP_FOR_TARGET=riscv64-unknown-elf-strip ASFLAGS= CFLAGS='-g -O2 -ffile-prefix-map=/build/gcc-riscv64-unknown-elf-jdqiw5/gcc-riscv64-unknown-elf-11+b1=. -fstack-protector-strong' CPPFLAGS='-Wdate-time -D_FORTIFY_SOURCE=2' CXXFLAGS='-g -O2 -ffile-prefix-map=/build/gcc-riscv64-unknown-elf-jdqiw5/gcc-riscv64-unknown-elf-11+b1=. -fstack-protector-strong' DFLAGS=-frelease FCFLAGS='-g -O2 -ffile-prefix-map=/build/gcc-riscv64-unknown-elf-jdqiw5/gcc-riscv64-unknown-elf-11+b1=. -fstack-protector-strong' FFLAGS='-g -O2 -ffile-prefix-map=/build/gcc-riscv64-unknown-elf-jdqiw5/gcc-riscv64-unknown-elf-11+b1=. -fstack-protector-strong' GCJFLAGS='-g -O2 -ffile-prefix-map=/build/gcc-riscv64-unknown-elf-jdqiw5/gcc-riscv64-unknown-elf-11+b1=. -fstack-protector-strong' LDFLAGS='-Wl,-z,relro -Wl,-z,now' OBJCFLAGS='-g -O2 -ffile-prefix-map=/build/gcc-riscv64-unknown-elf-jdqiw5/gcc-riscv64-unknown-elf-11+b1=. -fstack-protector-strong' OBJCXXFLAGS='-g -O2 -ffile-prefix-map=/build/gcc-riscv64-unknown-elf-jdqiw5/gcc-riscv64-unknown-elf-11+b1=. -fstack-protector-strong' INHIBIT_LIBC_CFLAGS=-DUSE_TM_CLONE_REGISTRY=0 'CFLAGS_FOR_TARGET=-Os -mcmodel=medany' 'CXXFLAGS_FOR_TARGET=-Os -mcmodel=medany'
Thread model: single
Supported LTO compression algorithms: zlib
gcc version 12.2.0 (12.2.0-14+11+b1) 
COLLECT_GCC_OPTIONS='-v' '-o' 'CMakeFiles/cmTC_fbf45.dir/CMakeCCompilerABI.c.o' '-c' '-march=rv64imafdc' '-mabi=lp64d' '-misa-spec=20191213' '-march=rv64imafdc_zicsr' '-dumpdir' 'CMakeFiles/cmTC_fbf45.dir/'
 /usr/lib/gcc/riscv64-unknown-elf/12.2.0/cc1 -quiet -v /usr/share/cmake-3.25/Modules/CMakeCCompilerABI.c -quiet -dumpdir CMakeFiles/cmTC_fbf45.dir/ -dumpbase CMakeCCompilerABI.c.c -dumpbase-ext .c -march=rv64imafdc -mabi=lp64d -misa-spec=20191213 -march=rv64imafdc_zicsr -version -o /tmp/ccjcmzhO.s
GNU C17 (12.2.0-14+11+b1) version 12.2.0 (riscv64-unknown-elf)
	compiled by GNU C version 12.2.0, GMP version 6.2.1, MPFR version 4.2.0, MPC version 1.3.1, isl version isl-0.25-GMP

GGC heuristics: --param ggc-min-expand=100 --param ggc-min-heapsize=131072
ignoring nonexistent directory "/usr/lib/gcc/riscv64-unknown-elf/12.2.0/../../../riscv64-unknown-elf/sys-include"
ignoring nonexistent directory "/usr/lib/gcc/riscv64-unknown-elf/12.2.0/../../../riscv64-unknown-elf/include"
#include "..." search starts here:
#include <...> search starts here:
 /usr/lib/gcc/riscv64-unknown-elf/12.2.0/include
 /usr/lib/gcc/riscv64-unknown-elf/12.2.0/include-fixed
End of search list.
GNU C17 (12.2.0-14+11+b1) version 12.2.0 (riscv64-unknown-elf)
	compiled by GNU C version 12.2.0, GMP version 6.2.1, MPFR version 4.2.0, MPC version 1.3.1, isl version isl-0.25-GMP

GGC heuristics: --param ggc-min-expand=100 --param ggc-min-heapsize=131072
Compiler executable checksum: 22c67a28cd545d264f1d38d96274d665
COLLECT_GCC_OPTIONS='-v' '-o' 'CMakeFiles/cmTC_fbf45.dir/CMakeCCompilerABI.c.o' '-c' '-march=rv64imafdc' '-mabi=lp64d' '-misa-spec=20191213' '-march=rv64imafdc_zicsr' '-dumpdir' 'CMakeFiles/cmTC_fbf45.dir/'
 /usr/lib/gcc/riscv64-unknown-elf/12.2.0/../../../riscv64-unknown-elf/bin/as -v --traditional-format -march=rv64imafdc -march=rv64imafdc_zicsr -mabi=lp64d -misa-spec=20191213 -o CMakeFiles/cmTC_fbf45.dir/CMakeCCompilerABI.c.o /tmp/ccjcmzhO.s
GNU assembler version 2.40 (riscv64-unknown-elf) using BFD version (2.40-2+4+b1) 2.40
COMPILER_PATH=/usr/lib/gcc/riscv64-unknown-elf/12.2.0/:/usr/lib/gcc/riscv64-unknown-elf/12.2.0/:/usr/lib/gcc/riscv64-unknown-elf/:/usr/lib/gcc/riscv64-unknown-elf/12.2.0/:/usr/lib/gcc/riscv64-unknown-elf/:/usr/lib/gcc/riscv64-unknown-elf/12.2.0/../../../riscv64-unknown-elf/bin/
LIBRARY_PATH=/usr/lib/gcc/riscv64-unknown-elf/12.2.0/
COLLECT_GCC_OPTIONS='-v' '-o' 'CMakeFiles/cmTC_fbf45.dir/CMakeCCompilerABI.c.o' '-c' '-march=rv64imafdc' '-mabi=lp64d' '-misa-spec=20191213' '-march=rv64imafdc_zicsr' '-dumpdir' 'CMakeFiles/cmTC_fbf45.dir/CMakeCCompilerABI.c.'
Linking C executable cmTC_fbf45
/usr/bin/cmake -E cmake_link_script CMakeFiles/cmTC_fbf45.dir/link.txt --verbose=1
/usr/bin/riscv64-unknown-elf-gcc  -v CMakeFiles/cmTC_fbf45.dir/CMakeCCompilerABI.c.o -o cmTC_fbf45 
Using built-in specs.
COLLECT_GCC=/usr/bin/riscv64-unknown-elf-gcc
COLLECT_LTO_WRAPPER=/usr/lib/gcc/riscv64-unknown-elf/12.2.0/lto-wrapper
Target: riscv64-unknown-elf
Configured with: ../gcc-12.2.0/configure --build=x86_64-linux-gnu --prefix=/usr --includedir='/usr/lib/include' --mandir='/usr/lib/share/man' --infodir='/usr/lib/share/info' --sysconfdir=/etc --localstatedir=/var --disable-option-checking --disable-silent-rules --libdir='/usr/lib/lib/x86_64-linux-gnu' --libexecdir='/usr/lib/lib/x86_64-linux-gnu' --disable-maintainer-mode --disable-dependency-tracking --enable-languages=c,c++ --prefix=/usr/lib --infodir=/usr/share/doc/gcc-riscv64-unknown-elf/info --mandir=/usr/share/man --htmldir=/usr/share/doc/gcc-riscv64-unknown-elf/html --pdfdir=/usr/share/doc/gcc-riscv64-unknown-elf/pdf --bindir=/usr/bin --libexecdir=/usr/lib --libdir=/usr/lib --with-system-zlib --enable-multilib --disable-decimal-float --disable-libffi --disable-libgomp --disable-libmudflap --disable-libquadmath --disable-libssp --disable-libstdcxx-pch --disable-libstdc++-v3 --disable-nls --disable-shared --disable-threads --with-arch=rv64imafdc --enable-tls --build=x86_64-linux-gnu --host=x86_64-linux-gnu --target=riscv64-unknown-elf --with-gnu-as --with-gnu-ld --with-headers=no --without-newlib --with-pkgversion=12.2.0-14+11+b1 --without-included-gettext SED=/bin/sed SHELL=/bin/sh BASH=/bin/bash CONFIG_SHELL=/bin/bash AR_FOR_TARGET=riscv64-unknown-elf-ar AS_FOR_TARGET=riscv64-unknown-elf-as LD_FOR_TARGET=riscv64-unknown-elf-ld NM_FOR_TARGET=riscv64-unknown-elf-nm OBJDUMP_FOR_TARGET=riscv64-unknown-elf-objdump RANLIB_FOR_TARGET=riscv64-unknown-elf-ranlib READELF_FOR_TARGET=riscv64-unknown-elf-readelf STRIP_FOR_TARGET=riscv64-unknown-elf-strip ASFLAGS= CFLAGS='-g -O2 -ffile-prefix-map=/build/gcc-riscv64-unknown-elf-jdqiw5/gcc-riscv64-unknown-elf-11+b1=. -fstack-protector-strong' CPPFLAGS='-Wdate-time -D_FORTIFY_SOURCE=2' CXXFLAGS='-g -O2 -ffile-prefix-map=/build/gcc-riscv64-unknown-elf-jdqiw5/gcc-riscv64-unknown-elf-11+b1=. -fstack-protector-strong' DFLAGS=-frelease FCFLAGS='-g -O2 -ffile-prefix-map=/build/gcc-riscv64-unknown-elf-jdqiw5/gcc-riscv64-unknown-elf-11+b1=. -fstack-protector-strong' FFLAGS='-g -O2 -ffile-prefix-map=/build/gcc-riscv64-unknown-elf-jdqiw5/gcc-riscv64-unknown-elf-11+b1=. -fstack-protector-strong' GCJFLAGS='-g -O2 -ffile-prefix-map=/build/gcc-riscv64-unknown-elf-jdqiw5/gcc-riscv64-unknown-elf-11+b1=. -fstack-protector-strong' LDFLAGS='-Wl,-z,relro -Wl,-z,now' OBJCFLAGS='-g -O2 -ffile-prefix-map=/build/gcc-riscv64-unknown-elf-jdqiw5/gcc-riscv64-unknown-elf-11+b1=. -fstack-protector-strong' OBJCXXFLAGS='-g -O2 -ffile-prefix-map=/build/gcc-riscv64-unknown-elf-jdqiw5/gcc-riscv64-unknown-elf-11+b1=. -fstack-protector-strong' INHIBIT_LIBC_CFLAGS=-DUSE_TM_CLONE_REGISTRY=0 'CFLAGS_FOR_TARGET=-Os -mcmodel=medany' 'CXXFLAGS_FOR_TARGET=-Os -mcmodel=medany'
Thread model: single
Supported LTO compression algorithms: zlib
gcc version 12.2.0 (12.2.0-14+11+b1) 
COMPILER_PATH=/usr/lib/gcc/riscv64-unknown-elf/12.2.0/:/usr/lib/gcc/riscv64-unknown-elf/12.2.0/:/usr/lib/gcc/riscv64-unknown-elf/:/usr/lib/gcc/riscv64-unknown-elf/12.2.0/:/usr/lib/gcc/riscv64-unknown-elf/:/usr/lib/gcc/riscv64-unknown-elf/12.2.0/../../../riscv64-unknown-elf/bin/
LIBRARY_PATH=/usr/lib/gcc/riscv64-unknown-elf/12.2.0/
COLLECT_GCC_OPTIONS='-v' '-o' 'cmTC_fbf45' '-march=rv64imafdc' '-mabi=lp64d' '-misa-spec=20191213' '-march=rv64imafdc_zicsr' '-dumpdir' 'cmTC_fbf45.'
 /usr/lib/gcc/riscv64-unknown-elf/12.2.0/collect2 -plugin /usr/lib/gcc/riscv64-unknown-elf/12.2.0/liblto_plugin.so -plugin-opt=/usr/lib/gcc/riscv64-unknown-elf/12.2.0/lto-wrapper -plugin-opt=-fresolution=/tmp/ccFKueE6.res -plugin-opt=-pass-through=-lgcc -plugin-opt=-pass-through=-lc -plugin-opt=-pass-through=-lgloss -plugin-opt=-pass-through=-lgcc -melf64lriscv -o cmTC_fbf45 crt0.o /usr/lib/gcc/riscv64-unknown-elf/12.2.0/crtbegin.o -L/usr/lib/gcc/riscv64-unknown-elf/12.2.0 CMakeFiles/cmTC_fbf45.dir/CMakeCCompilerABI.c.o -lgcc --start-group -lc -lgloss --end-group -lgcc /usr/lib/gcc/riscv64-unknown-elf/12.2.0/crtend.o
/usr/lib/gcc/riscv64-unknown-elf/12.2.0/../../../riscv64-unknown-elf/bin/ld: cannot find crt0.o: No such file or directory
/usr/lib/gcc/riscv64-unknown-elf/12.2.0/../../../riscv64-unknown-elf/bin/ld: cannot find -lc: No such file or directory
/usr/lib/gcc/riscv64-unknown-elf/12.2.0/../../../riscv64-unknown-elf/bin/ld: cannot find -lgloss: No such file or directory
collect2: error: ld returned 1 exit status
gmake[1]: *** [CMakeFiles/cmTC_fbf45.dir/build.make:99: cmTC_fbf45] Error 1
gmake[1]: Leaving directory '/home/user/Desktop/testtttt/build/CMakeFiles/CMakeScratch/TryCompile-m1umSk'
gmake: *** [Makefile:127: cmTC_fbf45/fast] Error 2




Determining if the C compiler works failed with the following output:
Change Dir: /home/user/Desktop/testtttt/build/CMakeFiles/CMakeScratch/TryCompile-PREkB4

Run Build Command(s):/usr/bin/gmake -f Makefile cmTC_b8a16/fast && /usr/bin/gmake  -f CMakeFiles/cmTC_b8a16.dir/build.make CMakeFiles/cmTC_b8a16.dir/build
gmake[1]: Entering directory '/home/user/Desktop/testtttt/build/CMakeFiles/CMakeScratch/TryCompile-PREkB4'
Building C object CMakeFiles/cmTC_b8a16.dir/testCCompiler.c.o
/usr/bin/riscv64-unknown-elf-gcc    -o CMakeFiles/cmTC_b8a16.dir/testCCompiler.c.o -c /home/user/Desktop/testtttt/build/CMakeFiles/CMakeScratch/TryCompile-PREkB4/testCCompiler.c
Linking C executable cmTC_b8a16
/usr/bin/cmake -E cmake_link_script CMakeFiles/cmTC_b8a16.dir/link.txt --verbose=1
/usr/bin/riscv64-unknown-elf-gcc CMakeFiles/cmTC_b8a16.dir/testCCompiler.c.o -o cmTC_b8a16 
/usr/lib/gcc/riscv64-unknown-elf/12.2.0/../../../riscv64-unknown-elf/bin/ld: cannot find crt0.o: No such file or directory
/usr/lib/gcc/riscv64-unknown-elf/12.2.0/../../../riscv64-unknown-elf/bin/ld: cannot find -lc: No such file or directory
/usr/lib/gcc/riscv64-unknown-elf/12.2.0/../../../riscv64-unknown-elf/bin/ld: cannot find -lgloss: No such file or directory
collect2: error: ld returned 1 exit status
gmake[1]: *** [CMakeFiles/cmTC_b8a16.dir/build.make:99: cmTC_b8a16] Error 1
gmake[1]: Leaving directory '/home/user/Desktop/testtttt/build/CMakeFiles/CMakeScratch/TryCompile-PREkB4'
gmake: *** [Makefile:127: cmTC_b8a16/fast] Error 2



Detecting C compiler ABI info failed to compile with the following output:
Change Dir: /home/user/Desktop/testtttt/build/CMakeFiles/CMakeScratch/TryCompile-DF78dL

Run Build Command(s):/usr/bin/gmake -f Makefile cmTC_643f4/fast && /usr/bin/gmake  -f CMakeFiles/cmTC_643f4.dir/build.make CMakeFiles/cmTC_643f4.dir/build
gmake[1]: Entering directory '/home/user/Desktop/testtttt/build/CMakeFiles/CMakeScratch/TryCompile-DF78dL'
Building C object CMakeFiles/cmTC_643f4.dir/CMakeCCompilerABI.c.o
/usr/bin/riscv64-unknown-elf-gcc   -v -o CMakeFiles/cmTC_643f4.dir/CMakeCCompilerABI.c.o -c /usr/share/cmake-3.25/Modules/CMakeCCompilerABI.c
Using built-in specs.
COLLECT_GCC=/usr/bin/riscv64-unknown-elf-gcc
Target: riscv64-unknown-elf
Configured with: ../gcc-12.2.0/configure --build=x86_64-linux-gnu --prefix=/usr --includedir='/usr/lib/include' --mandir='/usr/lib/share/man' --infodir='/usr/lib/share/info' --sysconfdir=/etc --localstatedir=/var --disable-option-checking --disable-silent-rules --libdir='/usr/lib/lib/x86_64-linux-gnu' --libexecdir='/usr/lib/lib/x86_64-linux-gnu' --disable-maintainer-mode --disable-dependency-tracking --enable-languages=c,c++ --prefix=/usr/lib --infodir=/usr/share/doc/gcc-riscv64-unknown-elf/info --mandir=/usr/share/man --htmldir=/usr/share/doc/gcc-riscv64-unknown-elf/html --pdfdir=/usr/share/doc/gcc-riscv64-unknown-elf/pdf --bindir=/usr/bin --libexecdir=/usr/lib --libdir=/usr/lib --with-system-zlib --enable-multilib --disable-decimal-float --disable-libffi --disable-libgomp --disable-libmudflap --disable-libquadmath --disable-libssp --disable-libstdcxx-pch --disable-libstdc++-v3 --disable-nls --disable-shared --disable-threads --with-arch=rv64imafdc --enable-tls --build=x86_64-linux-gnu --host=x86_64-linux-gnu --target=riscv64-unknown-elf --with-gnu-as --with-gnu-ld --with-headers=no --without-newlib --with-pkgversion=12.2.0-14+11+b1 --without-included-gettext SED=/bin/sed SHELL=/bin/sh BASH=/bin/bash CONFIG_SHELL=/bin/bash AR_FOR_TARGET=riscv64-unknown-elf-ar AS_FOR_TARGET=riscv64-unknown-elf-as LD_FOR_TARGET=riscv64-unknown-elf-ld NM_FOR_TARGET=riscv64-unknown-elf-nm OBJDUMP_FOR_TARGET=riscv64-unknown-elf-objdump RANLIB_FOR_TARGET=riscv64-unknown-elf-ranlib READELF_FOR_TARGET=riscv64-unknown-elf-readelf STRIP_FOR_TARGET=riscv64-unknown-elf-strip ASFLAGS= CFLAGS='-g -O2 -ffile-prefix-map=/build/gcc-riscv64-unknown-elf-jdqiw5/gcc-riscv64-unknown-elf-11+b1=. -fstack-protector-strong' CPPFLAGS='-Wdate-time -D_FORTIFY_SOURCE=2' CXXFLAGS='-g -O2 -ffile-prefix-map=/build/gcc-riscv64-unknown-elf-jdqiw5/gcc-riscv64-unknown-elf-11+b1=. -fstack-protector-strong' DFLAGS=-frelease FCFLAGS='-g -O2 -ffile-prefix-map=/build/gcc-riscv64-unknown-elf-jdqiw5/gcc-riscv64-unknown-elf-11+b1=. -fstack-protector-strong' FFLAGS='-g -O2 -ffile-prefix-map=/build/gcc-riscv64-unknown-elf-jdqiw5/gcc-riscv64-unknown-elf-11+b1=. -fstack-protector-strong' GCJFLAGS='-g -O2 -ffile-prefix-map=/build/gcc-riscv64-unknown-elf-jdqiw5/gcc-riscv64-unknown-elf-11+b1=. -fstack-protector-strong' LDFLAGS='-Wl,-z,relro -Wl,-z,now' OBJCFLAGS='-g -O2 -ffile-prefix-map=/build/gcc-riscv64-unknown-elf-jdqiw5/gcc-riscv64-unknown-elf-11+b1=. -fstack-protector-strong' OBJCXXFLAGS='-g -O2 -ffile-prefix-map=/build/gcc-riscv64-unknown-elf-jdqiw5/gcc-riscv64-unknown-elf-11+b1=. -fstack-protector-strong' INHIBIT_LIBC_CFLAGS=-DUSE_TM_CLONE_REGISTRY=0 'CFLAGS_FOR_TARGET=-Os -mcmodel=medany' 'CXXFLAGS_FOR_TARGET=-Os -mcmodel=medany'
Thread model: single
Supported LTO compression algorithms: zlib
gcc version 12.2.0 (12.2.0-14+11+b1) 
COLLECT_GCC_OPTIONS='-v' '-o' 'CMakeFiles/cmTC_643f4.dir/CMakeCCompilerABI.c.o' '-c' '-march=rv64imafdc' '-mabi=lp64d' '-misa-spec=20191213' '-march=rv64imafdc_zicsr' '-dumpdir' 'CMakeFiles/cmTC_643f4.dir/'
 /usr/lib/gcc/riscv64-unknown-elf/12.2.0/cc1 -quiet -v /usr/share/cmake-3.25/Modules/CMakeCCompilerABI.c -quiet -dumpdir CMakeFiles/cmTC_643f4.dir/ -dumpbase CMakeCCompilerABI.c.c -dumpbase-ext .c -march=rv64imafdc -mabi=lp64d -misa-spec=20191213 -march=rv64imafdc_zicsr -version -o /tmp/ccKQUVIh.s
GNU C17 (12.2.0-14+11+b1) version 12.2.0 (riscv64-unknown-elf)
	compiled by GNU C version 12.2.0, GMP version 6.2.1, MPFR version 4.2.0, MPC version 1.3.1, isl version isl-0.25-GMP

GGC heuristics: --param ggc-min-expand=100 --param ggc-min-heapsize=131072
ignoring nonexistent directory "/usr/lib/gcc/riscv64-unknown-elf/12.2.0/../../../riscv64-unknown-elf/sys-include"
ignoring nonexistent directory "/usr/lib/gcc/riscv64-unknown-elf/12.2.0/../../../riscv64-unknown-elf/include"
#include "..." search starts here:
#include <...> search starts here:
 /usr/lib/gcc/riscv64-unknown-elf/12.2.0/include
 /usr/lib/gcc/riscv64-unknown-elf/12.2.0/include-fixed
End of search list.
GNU C17 (12.2.0-14+11+b1) version 12.2.0 (riscv64-unknown-elf)
	compiled by GNU C version 12.2.0, GMP version 6.2.1, MPFR version 4.2.0, MPC version 1.3.1, isl version isl-0.25-GMP

GGC heuristics: --param ggc-min-expand=100 --param ggc-min-heapsize=131072
Compiler executable checksum: 22c67a28cd545d264f1d38d96274d665
COLLECT_GCC_OPTIONS='-v' '-o' 'CMakeFiles/cmTC_643f4.dir/CMakeCCompilerABI.c.o' '-c' '-march=rv64imafdc' '-mabi=lp64d' '-misa-spec=20191213' '-march=rv64imafdc_zicsr' '-dumpdir' 'CMakeFiles/cmTC_643f4.dir/'
 /usr/lib/gcc/riscv64-unknown-elf/12.2.0/../../../riscv64-unknown-elf/bin/as -v --traditional-format -march=rv64imafdc -march=rv64imafdc_zicsr -mabi=lp64d -misa-spec=20191213 -o CMakeFiles/cmTC_643f4.dir/CMakeCCompilerABI.c.o /tmp/ccKQUVIh.s
GNU assembler version 2.40 (riscv64-unknown-elf) using BFD version (2.40-2+4+b1) 2.40
COMPILER_PATH=/usr/lib/gcc/riscv64-unknown-elf/12.2.0/:/usr/lib/gcc/riscv64-unknown-elf/12.2.0/:/usr/lib/gcc/riscv64-unknown-elf/:/usr/lib/gcc/riscv64-unknown-elf/12.2.0/:/usr/lib/gcc/riscv64-unknown-elf/:/usr/lib/gcc/riscv64-unknown-elf/12.2.0/../../../riscv64-unknown-elf/bin/
LIBRARY_PATH=/usr/lib/gcc/riscv64-unknown-elf/12.2.0/
COLLECT_GCC_OPTIONS='-v' '-o' 'CMakeFiles/cmTC_643f4.dir/CMakeCCompilerABI.c.o' '-c' '-march=rv64imafdc' '-mabi=lp64d' '-misa-spec=20191213' '-march=rv64imafdc_zicsr' '-dumpdir' 'CMakeFiles/cmTC_643f4.dir/CMakeCCompilerABI.c.'
Linking C executable cmTC_643f4
/usr/bin/cmake -E cmake_link_script CMakeFiles/cmTC_643f4.dir/link.txt --verbose=1
/usr/bin/riscv64-unknown-elf-gcc  -v CMakeFiles/cmTC_643f4.dir/CMakeCCompilerABI.c.o -o cmTC_643f4 
Using built-in specs.
COLLECT_GCC=/usr/bin/riscv64-unknown-elf-gcc
COLLECT_LTO_WRAPPER=/usr/lib/gcc/riscv64-unknown-elf/12.2.0/lto-wrapper
Target: riscv64-unknown-elf
Configured with: ../gcc-12.2.0/configure --build=x86_64-linux-gnu --prefix=/usr --includedir='/usr/lib/include' --mandir='/usr/lib/share/man' --infodir='/usr/lib/share/info' --sysconfdir=/etc --localstatedir=/var --disable-option-checking --disable-silent-rules --libdir='/usr/lib/lib/x86_64-linux-gnu' --libexecdir='/usr/lib/lib/x86_64-linux-gnu' --disable-maintainer-mode --disable-dependency-tracking --enable-languages=c,c++ --prefix=/usr/lib --infodir=/usr/share/doc/gcc-riscv64-unknown-elf/info --mandir=/usr/share/man --htmldir=/usr/share/doc/gcc-riscv64-unknown-elf/html --pdfdir=/usr/share/doc/gcc-riscv64-unknown-elf/pdf --bindir=/usr/bin --libexecdir=/usr/lib --libdir=/usr/lib --with-system-zlib --enable-multilib --disable-decimal-float --disable-libffi --disable-libgomp --disable-libmudflap --disable-libquadmath --disable-libssp --disable-libstdcxx-pch --disable-libstdc++-v3 --disable-nls --disable-shared --disable-threads --with-arch=rv64imafdc --enable-tls --build=x86_64-linux-gnu --host=x86_64-linux-gnu --target=riscv64-unknown-elf --with-gnu-as --with-gnu-ld --with-headers=no --without-newlib --with-pkgversion=12.2.0-14+11+b1 --without-included-gettext SED=/bin/sed SHELL=/bin/sh BASH=/bin/bash CONFIG_SHELL=/bin/bash AR_FOR_TARGET=riscv64-unknown-elf-ar AS_FOR_TARGET=riscv64-unknown-elf-as LD_FOR_TARGET=riscv64-unknown-elf-ld NM_FOR_TARGET=riscv64-unknown-elf-nm OBJDUMP_FOR_TARGET=riscv64-unknown-elf-objdump RANLIB_FOR_TARGET=riscv64-unknown-elf-ranlib READELF_FOR_TARGET=riscv64-unknown-elf-readelf STRIP_FOR_TARGET=riscv64-unknown-elf-strip ASFLAGS= CFLAGS='-g -O2 -ffile-prefix-map=/build/gcc-riscv64-unknown-elf-jdqiw5/gcc-riscv64-unknown-elf-11+b1=. -fstack-protector-strong' CPPFLAGS='-Wdate-time -D_FORTIFY_SOURCE=2' CXXFLAGS='-g -O2 -ffile-prefix-map=/build/gcc-riscv64-unknown-elf-jdqiw5/gcc-riscv64-unknown-elf-11+b1=. -fstack-protector-strong' DFLAGS=-frelease FCFLAGS='-g -O2 -ffile-prefix-map=/build/gcc-riscv64-unknown-elf-jdqiw5/gcc-riscv64-unknown-elf-11+b1=. -fstack-protector-strong' FFLAGS='-g -O2 -ffile-prefix-map=/build/gcc-riscv64-unknown-elf-jdqiw5/gcc-riscv64-unknown-elf-11+b1=. -fstack-protector-strong' GCJFLAGS='-g -O2 -ffile-prefix-map=/build/gcc-riscv64-unknown-elf-jdqiw5/gcc-riscv64-unknown-elf-11+b1=. -fstack-protector-strong' LDFLAGS='-Wl,-z,relro -Wl,-z,now' OBJCFLAGS='-g -O2 -ffile-prefix-map=/build/gcc-riscv64-unknown-elf-jdqiw5/gcc-riscv64-unknown-elf-11+b1=. -fstack-protector-strong' OBJCXXFLAGS='-g -O2 -ffile-prefix-map=/build/gcc-riscv64-unknown-elf-jdqiw5/gcc-riscv64-unknown-elf-11+b1=. -fstack-protector-strong' INHIBIT_LIBC_CFLAGS=-DUSE_TM_CLONE_REGISTRY=0 'CFLAGS_FOR_TARGET=-Os -mcmodel=medany' 'CXXFLAGS_FOR_TARGET=-Os -mcmodel=medany'
Thread model: single
Supported LTO compression algorithms: zlib
gcc version 12.2.0 (12.2.0-14+11+b1) 
COMPILER_PATH=/usr/lib/gcc/riscv64-unknown-elf/12.2.0/:/usr/lib/gcc/riscv64-unknown-elf/12.2.0/:/usr/lib/gcc/riscv64-unknown-elf/:/usr/lib/gcc/riscv64-unknown-elf/12.2.0/:/usr/lib/gcc/riscv64-unknown-elf/:/usr/lib/gcc/riscv64-unknown-elf/12.2.0/../../../riscv64-unknown-elf/bin/
LIBRARY_PATH=/usr/lib/gcc/riscv64-unknown-elf/12.2.0/
COLLECT_GCC_OPTIONS='-v' '-o' 'cmTC_643f4' '-march=rv64imafdc' '-mabi=lp64d' '-misa-spec=20191213' '-march=rv64imafdc_zicsr' '-dumpdir' 'cmTC_643f4.'
 /usr/lib/gcc/riscv64-unknown-elf/12.2.0/collect2 -plugin /usr/lib/gcc/riscv64-unknown-elf/12.2.0/liblto_plugin.so -plugin-opt=/usr/lib/gcc/riscv64-unknown-elf/12.2.0/lto-wrapper -plugin-opt=-fresolution=/tmp/ccN7vF3H.res -plugin-opt=-pass-through=-lgcc -plugin-opt=-pass-through=-lc -plugin-opt=-pass-through=-lgloss -plugin-opt=-pass-through=-lgcc -melf64lriscv -o cmTC_643f4 crt0.o /usr/lib/gcc/riscv64-unknown-elf/12.2.0/crtbegin.o -L/usr/lib/gcc/riscv64-unknown-elf/12.2.0 CMakeFiles/cmTC_643f4.dir/CMakeCCompilerABI.c.o -lgcc --start-group -lc -lgloss --end-group -lgcc /usr/lib/gcc/riscv64-unknown-elf/12.2.0/crtend.o
/usr/lib/gcc/riscv64-unknown-elf/12.2.0/../../../riscv64-unknown-elf/bin/ld: cannot find crt0.o: No such file or directory
/usr/lib/gcc/riscv64-unknown-elf/12.2.0/../../../riscv64-unknown-elf/bin/ld: cannot find -lc: No such file or directory
/usr/lib/gcc/riscv64-unknown-elf/12.2.0/../../../riscv64-unknown-elf/bin/ld: cannot find -lgloss: No such file or directory
collect2: error: ld returned 1 exit status
gmake[1]: *** [CMakeFiles/cmTC_643f4.dir/build.make:99: cmTC_643f4] Error 1
gmake[1]: Leaving directory '/home/user/Desktop/testtttt/build/CMakeFiles/CMakeScratch/TryCompile-DF78dL'
gmake: *** [Makefile:127: cmTC_643f4/fast] Error 2




Determining if the C compiler works failed with the following output:
Change Dir: /home/user/Desktop/testtttt/build/CMakeFiles/CMakeScratch/TryCompile-6UBMgg

Run Build Command(s):/usr/bin/gmake -f Makefile cmTC_03c4d/fast && /usr/bin/gmake  -f CMakeFiles/cmTC_03c4d.dir/build.make CMakeFiles/cmTC_03c4d.dir/build
gmake[1]: Entering directory '/home/user/Desktop/testtttt/build/CMakeFiles/CMakeScratch/TryCompile-6UBMgg'
Building C object CMakeFiles/cmTC_03c4d.dir/testCCompiler.c.o
/usr/bin/riscv64-unknown-elf-gcc    -o CMakeFiles/cmTC_03c4d.dir/testCCompiler.c.o -c /home/user/Desktop/testtttt/build/CMakeFiles/CMakeScratch/TryCompile-6UBMgg/testCCompiler.c
Linking C executable cmTC_03c4d
/usr/bin/cmake -E cmake_link_script CMakeFiles/cmTC_03c4d.dir/link.txt --verbose=1
/usr/bin/riscv64-unknown-elf-gcc CMakeFiles/cmTC_03c4d.dir/testCCompiler.c.o -o cmTC_03c4d 
/usr/lib/gcc/riscv64-unknown-elf/12.2.0/../../../riscv64-unknown-elf/bin/ld: cannot find crt0.o: No such file or directory
/usr/lib/gcc/riscv64-unknown-elf/12.2.0/../../../riscv64-unknown-elf/bin/ld: cannot find -lc: No such file or directory
/usr/lib/gcc/riscv64-unknown-elf/12.2.0/../../../riscv64-unknown-elf/bin/ld: cannot find -lgloss: No such file or directory
collect2: error: ld returned 1 exit status
gmake[1]: *** [CMakeFiles/cmTC_03c4d.dir/build.make:99: cmTC_03c4d] Error 1
gmake[1]: Leaving directory '/home/user/Desktop/testtttt/build/CMakeFiles/CMakeScratch/TryCompile-6UBMgg'
gmake: *** [Makefile:127: cmTC_03c4d/fast] Error 2



Detecting C compiler ABI info failed to compile with the following output:
Change Dir: /home/user/Desktop/testtttt/build/CMakeFiles/CMakeScratch/TryCompile-df5SuN

Run Build Command(s):/usr/bin/gmake -f Makefile cmTC_b134b/fast && /usr/bin/gmake  -f CMakeFiles/cmTC_b134b.dir/build.make CMakeFiles/cmTC_b134b.dir/build
gmake[1]: Entering directory '/home/user/Desktop/testtttt/build/CMakeFiles/CMakeScratch/TryCompile-df5SuN'
Building C object CMakeFiles/cmTC_b134b.dir/CMakeCCompilerABI.c.o
/usr/bin/riscv64-unknown-elf-gcc   -v -o CMakeFiles/cmTC_b134b.dir/CMakeCCompilerABI.c.o -c /usr/share/cmake-3.25/Modules/CMakeCCompilerABI.c
Using built-in specs.
COLLECT_GCC=/usr/bin/riscv64-unknown-elf-gcc
Target: riscv64-unknown-elf
Configured with: ../gcc-12.2.0/configure --build=x86_64-linux-gnu --prefix=/usr --includedir='/usr/lib/include' --mandir='/usr/lib/share/man' --infodir='/usr/lib/share/info' --sysconfdir=/etc --localstatedir=/var --disable-option-checking --disable-silent-rules --libdir='/usr/lib/lib/x86_64-linux-gnu' --libexecdir='/usr/lib/lib/x86_64-linux-gnu' --disable-maintainer-mode --disable-dependency-tracking --enable-languages=c,c++ --prefix=/usr/lib --infodir=/usr/share/doc/gcc-riscv64-unknown-elf/info --mandir=/usr/share/man --htmldir=/usr/share/doc/gcc-riscv64-unknown-elf/html --pdfdir=/usr/share/doc/gcc-riscv64-unknown-elf/pdf --bindir=/usr/bin --libexecdir=/usr/lib --libdir=/usr/lib --with-system-zlib --enable-multilib --disable-decimal-float --disable-libffi --disable-libgomp --disable-libmudflap --disable-libquadmath --disable-libssp --disable-libstdcxx-pch --disable-libstdc++-v3 --disable-nls --disable-shared --disable-threads --with-arch=rv64imafdc --enable-tls --build=x86_64-linux-gnu --host=x86_64-linux-gnu --target=riscv64-unknown-elf --with-gnu-as --with-gnu-ld --with-headers=no --without-newlib --with-pkgversion=12.2.0-14+11+b1 --without-included-gettext SED=/bin/sed SHELL=/bin/sh BASH=/bin/bash CONFIG_SHELL=/bin/bash AR_FOR_TARGET=riscv64-unknown-elf-ar AS_FOR_TARGET=riscv64-unknown-elf-as LD_FOR_TARGET=riscv64-unknown-elf-ld NM_FOR_TARGET=riscv64-unknown-elf-nm OBJDUMP_FOR_TARGET=riscv64-unknown-elf-objdump RANLIB_FOR_TARGET=riscv64-unknown-elf-ranlib READELF_FOR_TARGET=riscv64-unknown-elf-readelf STRIP_FOR_TARGET=riscv64-unknown-elf-strip ASFLAGS= CFLAGS='-g -O2 -ffile-prefix-map=/build/gcc-riscv64-unknown-elf-jdqiw5/gcc-riscv64-unknown-elf-11+b1=. -fstack-protector-strong' CPPFLAGS='-Wdate-time -D_FORTIFY_SOURCE=2' CXXFLAGS='-g -O2 -ffile-prefix-map=/build/gcc-riscv64-unknown-elf-jdqiw5/gcc-riscv64-unknown-elf-11+b1=. -fstack-protector-strong' DFLAGS=-frelease FCFLAGS='-g -O2 -ffile-prefix-map=/build/gcc-riscv64-unknown-elf-jdqiw5/gcc-riscv64-unknown-elf-11+b1=. -fstack-protector-strong' FFLAGS='-g -O2 -ffile-prefix-map=/build/gcc-riscv64-unknown-elf-jdqiw5/gcc-riscv64-unknown-elf-11+b1=. -fstack-protector-strong' GCJFLAGS='-g -O2 -ffile-prefix-map=/build/gcc-riscv64-unknown-elf-jdqiw5/gcc-riscv64-unknown-elf-11+b1=. -fstack-protector-strong' LDFLAGS='-Wl,-z,relro -Wl,-z,now' OBJCFLAGS='-g -O2 -ffile-prefix-map=/build/gcc-riscv64-unknown-elf-jdqiw5/gcc-riscv64-unknown-elf-11+b1=. -fstack-protector-strong' OBJCXXFLAGS='-g -O2 -ffile-prefix-map=/build/gcc-riscv64-unknown-elf-jdqiw5/gcc-riscv64-unknown-elf-11+b1=. -fstack-protector-strong' INHIBIT_LIBC_CFLAGS=-DUSE_TM_CLONE_REGISTRY=0 'CFLAGS_FOR_TARGET=-Os -mcmodel=medany' 'CXXFLAGS_FOR_TARGET=-Os -mcmodel=medany'
Thread model: single
Supported LTO compression algorithms: zlib
gcc version 12.2.0 (12.2.0-14+11+b1) 
COLLECT_GCC_OPTIONS='-v' '-o' 'CMakeFiles/cmTC_b134b.dir/CMakeCCompilerABI.c.o' '-c' '-march=rv64imafdc' '-mabi=lp64d' '-misa-spec=20191213' '-march=rv64imafdc_zicsr' '-dumpdir' 'CMakeFiles/cmTC_b134b.dir/'
 /usr/lib/gcc/riscv64-unknown-elf/12.2.0/cc1 -quiet -v /usr/share/cmake-3.25/Modules/CMakeCCompilerABI.c -quiet -dumpdir CMakeFiles/cmTC_b134b.dir/ -dumpbase CMakeCCompilerABI.c.c -dumpbase-ext .c -march=rv64imafdc -mabi=lp64d -misa-spec=20191213 -march=rv64imafdc_zicsr -version -o /tmp/ccMONvww.s
GNU C17 (12.2.0-14+11+b1) version 12.2.0 (riscv64-unknown-elf)
	compiled by GNU C version 12.2.0, GMP version 6.2.1, MPFR version 4.2.0, MPC version 1.3.1, isl version isl-0.25-GMP

GGC heuristics: --param ggc-min-expand=100 --param ggc-min-heapsize=131072
ignoring nonexistent directory "/usr/lib/gcc/riscv64-unknown-elf/12.2.0/../../../riscv64-unknown-elf/sys-include"
ignoring nonexistent directory "/usr/lib/gcc/riscv64-unknown-elf/12.2.0/../../../riscv64-unknown-elf/include"
#include "..." search starts here:
#include <...> search starts here:
 /usr/lib/gcc/riscv64-unknown-elf/12.2.0/include
 /usr/lib/gcc/riscv64-unknown-elf/12.2.0/include-fixed
End of search list.
GNU C17 (12.2.0-14+11+b1) version 12.2.0 (riscv64-unknown-elf)
	compiled by GNU C version 12.2.0, GMP version 6.2.1, MPFR version 4.2.0, MPC version 1.3.1, isl version isl-0.25-GMP

GGC heuristics: --param ggc-min-expand=100 --param ggc-min-heapsize=131072
Compiler executable checksum: 22c67a28cd545d264f1d38d96274d665
COLLECT_GCC_OPTIONS='-v' '-o' 'CMakeFiles/cmTC_b134b.dir/CMakeCCompilerABI.c.o' '-c' '-march=rv64imafdc' '-mabi=lp64d' '-misa-spec=20191213' '-march=rv64imafdc_zicsr' '-dumpdir' 'CMakeFiles/cmTC_b134b.dir/'
 /usr/lib/gcc/riscv64-unknown-elf/12.2.0/../../../riscv64-unknown-elf/bin/as -v --traditional-format -march=rv64imafdc -march=rv64imafdc_zicsr -mabi=lp64d -misa-spec=20191213 -o CMakeFiles/cmTC_b134b.dir/CMakeCCompilerABI.c.o /tmp/ccMONvww.s
GNU assembler version 2.40 (riscv64-unknown-elf) using BFD version (2.40-2+4+b1) 2.40
COMPILER_PATH=/usr/lib/gcc/riscv64-unknown-elf/12.2.0/:/usr/lib/gcc/riscv64-unknown-elf/12.2.0/:/usr/lib/gcc/riscv64-unknown-elf/:/usr/lib/gcc/riscv64-unknown-elf/12.2.0/:/usr/lib/gcc/riscv64-unknown-elf/:/usr/lib/gcc/riscv64-unknown-elf/12.2.0/../../../riscv64-unknown-elf/bin/
LIBRARY_PATH=/usr/lib/gcc/riscv64-unknown-elf/12.2.0/
COLLECT_GCC_OPTIONS='-v' '-o' 'CMakeFiles/cmTC_b134b.dir/CMakeCCompilerABI.c.o' '-c' '-march=rv64imafdc' '-mabi=lp64d' '-misa-spec=20191213' '-march=rv64imafdc_zicsr' '-dumpdir' 'CMakeFiles/cmTC_b134b.dir/CMakeCCompilerABI.c.'
Linking C executable cmTC_b134b
/usr/bin/cmake -E cmake_link_script CMakeFiles/cmTC_b134b.dir/link.txt --verbose=1
/usr/bin/riscv64-unknown-elf-gcc  -v CMakeFiles/cmTC_b134b.dir/CMakeCCompilerABI.c.o -o cmTC_b134b 
Using built-in specs.
COLLECT_GCC=/usr/bin/riscv64-unknown-elf-gcc
COLLECT_LTO_WRAPPER=/usr/lib/gcc/riscv64-unknown-elf/12.2.0/lto-wrapper
Target: riscv64-unknown-elf
Configured with: ../gcc-12.2.0/configure --build=x86_64-linux-gnu --prefix=/usr --includedir='/usr/lib/include' --mandir='/usr/lib/share/man' --infodir='/usr/lib/share/info' --sysconfdir=/etc --localstatedir=/var --disable-option-checking --disable-silent-rules --libdir='/usr/lib/lib/x86_64-linux-gnu' --libexecdir='/usr/lib/lib/x86_64-linux-gnu' --disable-maintainer-mode --disable-dependency-tracking --enable-languages=c,c++ --prefix=/usr/lib --infodir=/usr/share/doc/gcc-riscv64-unknown-elf/info --mandir=/usr/share/man --htmldir=/usr/share/doc/gcc-riscv64-unknown-elf/html --pdfdir=/usr/share/doc/gcc-riscv64-unknown-elf/pdf --bindir=/usr/bin --libexecdir=/usr/lib --libdir=/usr/lib --with-system-zlib --enable-multilib --disable-decimal-float --disable-libffi --disable-libgomp --disable-libmudflap --disable-libquadmath --disable-libssp --disable-libstdcxx-pch --disable-libstdc++-v3 --disable-nls --disable-shared --disable-threads --with-arch=rv64imafdc --enable-tls --build=x86_64-linux-gnu --host=x86_64-linux-gnu --target=riscv64-unknown-elf --with-gnu-as --with-gnu-ld --with-headers=no --without-newlib --with-pkgversion=12.2.0-14+11+b1 --without-included-gettext SED=/bin/sed SHELL=/bin/sh BASH=/bin/bash CONFIG_SHELL=/bin/bash AR_FOR_TARGET=riscv64-unknown-elf-ar AS_FOR_TARGET=riscv64-unknown-elf-as LD_FOR_TARGET=riscv64-unknown-elf-ld NM_FOR_TARGET=riscv64-unknown-elf-nm OBJDUMP_FOR_TARGET=riscv64-unknown-elf-objdump RANLIB_FOR_TARGET=riscv64-unknown-elf-ranlib READELF_FOR_TARGET=riscv64-unknown-elf-readelf STRIP_FOR_TARGET=riscv64-unknown-elf-strip ASFLAGS= CFLAGS='-g -O2 -ffile-prefix-map=/build/gcc-riscv64-unknown-elf-jdqiw5/gcc-riscv64-unknown-elf-11+b1=. -fstack-protector-strong' CPPFLAGS='-Wdate-time -D_FORTIFY_SOURCE=2' CXXFLAGS='-g -O2 -ffile-prefix-map=/build/gcc-riscv64-unknown-elf-jdqiw5/gcc-riscv64-unknown-elf-11+b1=. -fstack-protector-strong' DFLAGS=-frelease FCFLAGS='-g -O2 -ffile-prefix-map=/build/gcc-riscv64-unknown-elf-jdqiw5/gcc-riscv64-unknown-elf-11+b1=. -fstack-protector-strong' FFLAGS='-g -O2 -ffile-prefix-map=/build/gcc-riscv64-unknown-elf-jdqiw5/gcc-riscv64-unknown-elf-11+b1=. -fstack-protector-strong' GCJFLAGS='-g -O2 -ffile-prefix-map=/build/gcc-riscv64-unknown-elf-jdqiw5/gcc-riscv64-unknown-elf-11+b1=. -fstack-protector-strong' LDFLAGS='-Wl,-z,relro -Wl,-z,now' OBJCFLAGS='-g -O2 -ffile-prefix-map=/build/gcc-riscv64-unknown-elf-jdqiw5/gcc-riscv64-unknown-elf-11+b1=. -fstack-protector-strong' OBJCXXFLAGS='-g -O2 -ffile-prefix-map=/build/gcc-riscv64-unknown-elf-jdqiw5/gcc-riscv64-unknown-elf-11+b1=. -fstack-protector-strong' INHIBIT_LIBC_CFLAGS=-DUSE_TM_CLONE_REGISTRY=0 'CFLAGS_FOR_TARGET=-Os -mcmodel=medany' 'CXXFLAGS_FOR_TARGET=-Os -mcmodel=medany'
Thread model: single
Supported LTO compression algorithms: zlib
gcc version 12.2.0 (12.2.0-14+11+b1) 
COMPILER_PATH=/usr/lib/gcc/riscv64-unknown-elf/12.2.0/:/usr/lib/gcc/riscv64-unknown-elf/12.2.0/:/usr/lib/gcc/riscv64-unknown-elf/:/usr/lib/gcc/riscv64-unknown-elf/12.2.0/:/usr/lib/gcc/riscv64-unknown-elf/:/usr/lib/gcc/riscv64-unknown-elf/12.2.0/../../../riscv64-unknown-elf/bin/
LIBRARY_PATH=/usr/lib/gcc/riscv64-unknown-elf/12.2.0/
COLLECT_GCC_OPTIONS='-v' '-o' 'cmTC_b134b' '-march=rv64imafdc' '-mabi=lp64d' '-misa-spec=20191213' '-march=rv64imafdc_zicsr' '-dumpdir' 'cmTC_b134b.'
 /usr/lib/gcc/riscv64-unknown-elf/12.2.0/collect2 -plugin /usr/lib/gcc/riscv64-unknown-elf/12.2.0/liblto_plugin.so -plugin-opt=/usr/lib/gcc/riscv64-unknown-elf/12.2.0/lto-wrapper -plugin-opt=-fresolution=/tmp/ccBZy4uN.res -plugin-opt=-pass-through=-lgcc -plugin-opt=-pass-through=-lc -plugin-opt=-pass-through=-lgloss -plugin-opt=-pass-through=-lgcc -melf64lriscv -o cmTC_b134b crt0.o /usr/lib/gcc/riscv64-unknown-elf/12.2.0/crtbegin.o -L/usr/lib/gcc/riscv64-unknown-elf/12.2.0 CMakeFiles/cmTC_b134b.dir/CMakeCCompilerABI.c.o -lgcc --start-group -lc -lgloss --end-group -lgcc /usr/lib/gcc/riscv64-unknown-elf/12.2.0/crtend.o
/usr/lib/gcc/riscv64-unknown-elf/12.2.0/../../../riscv64-unknown-elf/bin/ld: cannot find crt0.o: No such file or directory
/usr/lib/gcc/riscv64-unknown-elf/12.2.0/../../../riscv64-unknown-elf/bin/ld: cannot find -lc: No such file or directory
/usr/lib/gcc/riscv64-unknown-elf/12.2.0/../../../riscv64-unknown-elf/bin/ld: cannot find -lgloss: No such file or directory
collect2: error: ld returned 1 exit status
gmake[1]: *** [CMakeFiles/cmTC_b134b.dir/build.make:99: cmTC_b134b] Error 1
gmake[1]: Leaving directory '/home/user/Desktop/testtttt/build/CMakeFiles/CMakeScratch/TryCompile-df5SuN'
gmake: *** [Makefile:127: cmTC_b134b/fast] Error 2




Determining if the C compiler works failed with the following output:
Change Dir: /home/user/Desktop/testtttt/build/CMakeFiles/CMakeScratch/TryCompile-oTcfsA

Run Build Command(s):/usr/bin/gmake -f Makefile cmTC_49d3e/fast && /usr/bin/gmake  -f CMakeFiles/cmTC_49d3e.dir/build.make CMakeFiles/cmTC_49d3e.dir/build
gmake[1]: Entering directory '/home/user/Desktop/testtttt/build/CMakeFiles/CMakeScratch/TryCompile-oTcfsA'
Building C object CMakeFiles/cmTC_49d3e.dir/testCCompiler.c.o
/usr/bin/riscv64-unknown-elf-gcc    -o CMakeFiles/cmTC_49d3e.dir/testCCompiler.c.o -c /home/user/Desktop/testtttt/build/CMakeFiles/CMakeScratch/TryCompile-oTcfsA/testCCompiler.c
Linking C executable cmTC_49d3e
/usr/bin/cmake -E cmake_link_script CMakeFiles/cmTC_49d3e.dir/link.txt --verbose=1
/usr/bin/riscv64-unknown-elf-gcc CMakeFiles/cmTC_49d3e.dir/testCCompiler.c.o -o cmTC_49d3e 
/usr/lib/gcc/riscv64-unknown-elf/12.2.0/../../../riscv64-unknown-elf/bin/ld: cannot find crt0.o: No such file or directory
/usr/lib/gcc/riscv64-unknown-elf/12.2.0/../../../riscv64-unknown-elf/bin/ld: cannot find -lc: No such file or directory
/usr/lib/gcc/riscv64-unknown-elf/12.2.0/../../../riscv64-unknown-elf/bin/ld: cannot find -lgloss: No such file or directory
collect2: error: ld returned 1 exit status
gmake[1]: *** [CMakeFiles/cmTC_49d3e.dir/build.make:99: cmTC_49d3e] Error 1
gmake[1]: Leaving directory '/home/user/Desktop/testtttt/build/CMakeFiles/CMakeScratch/TryCompile-oTcfsA'
gmake: *** [Makefile:127: cmTC_49d3e/fast] Error 2



Detecting C compiler ABI info failed to compile with the following output:
Change Dir: /home/user/Desktop/testtttt/build/CMakeFiles/CMakeScratch/TryCompile-ZSp3y4

Run Build Command(s):/usr/bin/gmake -f Makefile cmTC_51706/fast && /usr/bin/gmake  -f CMakeFiles/cmTC_51706.dir/build.make CMakeFiles/cmTC_51706.dir/build
gmake[1]: Entering directory '/home/user/Desktop/testtttt/build/CMakeFiles/CMakeScratch/TryCompile-ZSp3y4'
Building C object CMakeFiles/cmTC_51706.dir/CMakeCCompilerABI.c.o
/usr/bin/riscv64-unknown-elf-gcc   -v -o CMakeFiles/cmTC_51706.dir/CMakeCCompilerABI.c.o -c /usr/share/cmake-3.25/Modules/CMakeCCompilerABI.c
Using built-in specs.
COLLECT_GCC=/usr/bin/riscv64-unknown-elf-gcc
Target: riscv64-unknown-elf
Configured with: ../gcc-12.2.0/configure --build=x86_64-linux-gnu --prefix=/usr --includedir='/usr/lib/include' --mandir='/usr/lib/share/man' --infodir='/usr/lib/share/info' --sysconfdir=/etc --localstatedir=/var --disable-option-checking --disable-silent-rules --libdir='/usr/lib/lib/x86_64-linux-gnu' --libexecdir='/usr/lib/lib/x86_64-linux-gnu' --disable-maintainer-mode --disable-dependency-tracking --enable-languages=c,c++ --prefix=/usr/lib --infodir=/usr/share/doc/gcc-riscv64-unknown-elf/info --mandir=/usr/share/man --htmldir=/usr/share/doc/gcc-riscv64-unknown-elf/html --pdfdir=/usr/share/doc/gcc-riscv64-unknown-elf/pdf --bindir=/usr/bin --libexecdir=/usr/lib --libdir=/usr/lib --with-system-zlib --enable-multilib --disable-decimal-float --disable-libffi --disable-libgomp --disable-libmudflap --disable-libquadmath --disable-libssp --disable-libstdcxx-pch --disable-libstdc++-v3 --disable-nls --disable-shared --disable-threads --with-arch=rv64imafdc --enable-tls --build=x86_64-linux-gnu --host=x86_64-linux-gnu --target=riscv64-unknown-elf --with-gnu-as --with-gnu-ld --with-headers=no --without-newlib --with-pkgversion=12.2.0-14+11+b1 --without-included-gettext SED=/bin/sed SHELL=/bin/sh BASH=/bin/bash CONFIG_SHELL=/bin/bash AR_FOR_TARGET=riscv64-unknown-elf-ar AS_FOR_TARGET=riscv64-unknown-elf-as LD_FOR_TARGET=riscv64-unknown-elf-ld NM_FOR_TARGET=riscv64-unknown-elf-nm OBJDUMP_FOR_TARGET=riscv64-unknown-elf-objdump RANLIB_FOR_TARGET=riscv64-unknown-elf-ranlib READELF_FOR_TARGET=riscv64-unknown-elf-readelf STRIP_FOR_TARGET=riscv64-unknown-elf-strip ASFLAGS= CFLAGS='-g -O2 -ffile-prefix-map=/build/gcc-riscv64-unknown-elf-jdqiw5/gcc-riscv64-unknown-elf-11+b1=. -fstack-protector-strong' CPPFLAGS='-Wdate-time -D_FORTIFY_SOURCE=2' CXXFLAGS='-g -O2 -ffile-prefix-map=/build/gcc-riscv64-unknown-elf-jdqiw5/gcc-riscv64-unknown-elf-11+b1=. -fstack-protector-strong' DFLAGS=-frelease FCFLAGS='-g -O2 -ffile-prefix-map=/build/gcc-riscv64-unknown-elf-jdqiw5/gcc-riscv64-unknown-elf-11+b1=. -fstack-protector-strong' FFLAGS='-g -O2 -ffile-prefix-map=/build/gcc-riscv64-unknown-elf-jdqiw5/gcc-riscv64-unknown-elf-11+b1=. -fstack-protector-strong' GCJFLAGS='-g -O2 -ffile-prefix-map=/build/gcc-riscv64-unknown-elf-jdqiw5/gcc-riscv64-unknown-elf-11+b1=. -fstack-protector-strong' LDFLAGS='-Wl,-z,relro -Wl,-z,now' OBJCFLAGS='-g -O2 -ffile-prefix-map=/build/gcc-riscv64-unknown-elf-jdqiw5/gcc-riscv64-unknown-elf-11+b1=. -fstack-protector-strong' OBJCXXFLAGS='-g -O2 -ffile-prefix-map=/build/gcc-riscv64-unknown-elf-jdqiw5/gcc-riscv64-unknown-elf-11+b1=. -fstack-protector-strong' INHIBIT_LIBC_CFLAGS=-DUSE_TM_CLONE_REGISTRY=0 'CFLAGS_FOR_TARGET=-Os -mcmodel=medany' 'CXXFLAGS_FOR_TARGET=-Os -mcmodel=medany'
Thread model: single
Supported LTO compression algorithms: zlib
gcc version 12.2.0 (12.2.0-14+11+b1) 
COLLECT_GCC_OPTIONS='-v' '-o' 'CMakeFiles/cmTC_51706.dir/CMakeCCompilerABI.c.o' '-c' '-march=rv64imafdc' '-mabi=lp64d' '-misa-spec=20191213' '-march=rv64imafdc_zicsr' '-dumpdir' 'CMakeFiles/cmTC_51706.dir/'
 /usr/lib/gcc/riscv64-unknown-elf/12.2.0/cc1 -quiet -v /usr/share/cmake-3.25/Modules/CMakeCCompilerABI.c -quiet -dumpdir CMakeFiles/cmTC_51706.dir/ -dumpbase CMakeCCompilerABI.c.c -dumpbase-ext .c -march=rv64imafdc -mabi=lp64d -misa-spec=20191213 -march=rv64imafdc_zicsr -version -o /tmp/ccY3JGqc.s
GNU C17 (12.2.0-14+11+b1) version 12.2.0 (riscv64-unknown-elf)
	compiled by GNU C version 12.2.0, GMP version 6.2.1, MPFR version 4.2.0, MPC version 1.3.1, isl version isl-0.25-GMP

GGC heuristics: --param ggc-min-expand=100 --param ggc-min-heapsize=131072
ignoring nonexistent directory "/usr/lib/gcc/riscv64-unknown-elf/12.2.0/../../../riscv64-unknown-elf/sys-include"
ignoring nonexistent directory "/usr/lib/gcc/riscv64-unknown-elf/12.2.0/../../../riscv64-unknown-elf/include"
#include "..." search starts here:
#include <...> search starts here:
 /usr/lib/gcc/riscv64-unknown-elf/12.2.0/include
 /usr/lib/gcc/riscv64-unknown-elf/12.2.0/include-fixed
End of search list.
GNU C17 (12.2.0-14+11+b1) version 12.2.0 (riscv64-unknown-elf)
	compiled by GNU C version 12.2.0, GMP version 6.2.1, MPFR version 4.2.0, MPC version 1.3.1, isl version isl-0.25-GMP

GGC heuristics: --param ggc-min-expand=100 --param ggc-min-heapsize=131072
Compiler executable checksum: 22c67a28cd545d264f1d38d96274d665
COLLECT_GCC_OPTIONS='-v' '-o' 'CMakeFiles/cmTC_51706.dir/CMakeCCompilerABI.c.o' '-c' '-march=rv64imafdc' '-mabi=lp64d' '-misa-spec=20191213' '-march=rv64imafdc_zicsr' '-dumpdir' 'CMakeFiles/cmTC_51706.dir/'
 /usr/lib/gcc/riscv64-unknown-elf/12.2.0/../../../riscv64-unknown-elf/bin/as -v --traditional-format -march=rv64imafdc -march=rv64imafdc_zicsr -mabi=lp64d -misa-spec=20191213 -o CMakeFiles/cmTC_51706.dir/CMakeCCompilerABI.c.o /tmp/ccY3JGqc.s
GNU assembler version 2.40 (riscv64-unknown-elf) using BFD version (2.40-2+4+b1) 2.40
COMPILER_PATH=/usr/lib/gcc/riscv64-unknown-elf/12.2.0/:/usr/lib/gcc/riscv64-unknown-elf/12.2.0/:/usr/lib/gcc/riscv64-unknown-elf/:/usr/lib/gcc/riscv64-unknown-elf/12.2.0/:/usr/lib/gcc/riscv64-unknown-elf/:/usr/lib/gcc/riscv64-unknown-elf/12.2.0/../../../riscv64-unknown-elf/bin/
LIBRARY_PATH=/usr/lib/gcc/riscv64-unknown-elf/12.2.0/
COLLECT_GCC_OPTIONS='-v' '-o' 'CMakeFiles/cmTC_51706.dir/CMakeCCompilerABI.c.o' '-c' '-march=rv64imafdc' '-mabi=lp64d' '-misa-spec=20191213' '-march=rv64imafdc_zicsr' '-dumpdir' 'CMakeFiles/cmTC_51706.dir/CMakeCCompilerABI.c.'
Linking C executable cmTC_51706
/usr/bin/cmake -E cmake_link_script CMakeFiles/cmTC_51706.dir/link.txt --verbose=1
/usr/bin/riscv64-unknown-elf-gcc  -v CMakeFiles/cmTC_51706.dir/CMakeCCompilerABI.c.o -o cmTC_51706 
Using built-in specs.
COLLECT_GCC=/usr/bin/riscv64-unknown-elf-gcc
COLLECT_LTO_WRAPPER=/usr/lib/gcc/riscv64-unknown-elf/12.2.0/lto-wrapper
Target: riscv64-unknown-elf
Configured with: ../gcc-12.2.0/configure --build=x86_64-linux-gnu --prefix=/usr --includedir='/usr/lib/include' --mandir='/usr/lib/share/man' --infodir='/usr/lib/share/info' --sysconfdir=/etc --localstatedir=/var --disable-option-checking --disable-silent-rules --libdir='/usr/lib/lib/x86_64-linux-gnu' --libexecdir='/usr/lib/lib/x86_64-linux-gnu' --disable-maintainer-mode --disable-dependency-tracking --enable-languages=c,c++ --prefix=/usr/lib --infodir=/usr/share/doc/gcc-riscv64-unknown-elf/info --mandir=/usr/share/man --htmldir=/usr/share/doc/gcc-riscv64-unknown-elf/html --pdfdir=/usr/share/doc/gcc-riscv64-unknown-elf/pdf --bindir=/usr/bin --libexecdir=/usr/lib --libdir=/usr/lib --with-system-zlib --enable-multilib --disable-decimal-float --disable-libffi --disable-libgomp --disable-libmudflap --disable-libquadmath --disable-libssp --disable-libstdcxx-pch --disable-libstdc++-v3 --disable-nls --disable-shared --disable-threads --with-arch=rv64imafdc --enable-tls --build=x86_64-linux-gnu --host=x86_64-linux-gnu --target=riscv64-unknown-elf --with-gnu-as --with-gnu-ld --with-headers=no --without-newlib --with-pkgversion=12.2.0-14+11+b1 --without-included-gettext SED=/bin/sed SHELL=/bin/sh BASH=/bin/bash CONFIG_SHELL=/bin/bash AR_FOR_TARGET=riscv64-unknown-elf-ar AS_FOR_TARGET=riscv64-unknown-elf-as LD_FOR_TARGET=riscv64-unknown-elf-ld NM_FOR_TARGET=riscv64-unknown-elf-nm OBJDUMP_FOR_TARGET=riscv64-unknown-elf-objdump RANLIB_FOR_TARGET=riscv64-unknown-elf-ranlib READELF_FOR_TARGET=riscv64-unknown-elf-readelf STRIP_FOR_TARGET=riscv64-unknown-elf-strip ASFLAGS= CFLAGS='-g -O2 -ffile-prefix-map=/build/gcc-riscv64-unknown-elf-jdqiw5/gcc-riscv64-unknown-elf-11+b1=. -fstack-protector-strong' CPPFLAGS='-Wdate-time -D_FORTIFY_SOURCE=2' CXXFLAGS='-g -O2 -ffile-prefix-map=/build/gcc-riscv64-unknown-elf-jdqiw5/gcc-riscv64-unknown-elf-11+b1=. -fstack-protector-strong' DFLAGS=-frelease FCFLAGS='-g -O2 -ffile-prefix-map=/build/gcc-riscv64-unknown-elf-jdqiw5/gcc-riscv64-unknown-elf-11+b1=. -fstack-protector-strong' FFLAGS='-g -O2 -ffile-prefix-map=/build/gcc-riscv64-unknown-elf-jdqiw5/gcc-riscv64-unknown-elf-11+b1=. -fstack-protector-strong' GCJFLAGS='-g -O2 -ffile-prefix-map=/build/gcc-riscv64-unknown-elf-jdqiw5/gcc-riscv64-unknown-elf-11+b1=. -fstack-protector-strong' LDFLAGS='-Wl,-z,relro -Wl,-z,now' OBJCFLAGS='-g -O2 -ffile-prefix-map=/build/gcc-riscv64-unknown-elf-jdqiw5/gcc-riscv64-unknown-elf-11+b1=. -fstack-protector-strong' OBJCXXFLAGS='-g -O2 -ffile-prefix-map=/build/gcc-riscv64-unknown-elf-jdqiw5/gcc-riscv64-unknown-elf-11+b1=. -fstack-protector-strong' INHIBIT_LIBC_CFLAGS=-DUSE_TM_CLONE_REGISTRY=0 'CFLAGS_FOR_TARGET=-Os -mcmodel=medany' 'CXXFLAGS_FOR_TARGET=-Os -mcmodel=medany'
Thread model: single
Supported LTO compression algorithms: zlib
gcc version 12.2.0 (12.2.0-14+11+b1) 
COMPILER_PATH=/usr/lib/gcc/riscv64-unknown-elf/12.2.0/:/usr/lib/gcc/riscv64-unknown-elf/12.2.0/:/usr/lib/gcc/riscv64-unknown-elf/:/usr/lib/gcc/riscv64-unknown-elf/12.2.0/:/usr/lib/gcc/riscv64-unknown-elf/:/usr/lib/gcc/riscv64-unknown-elf/12.2.0/../../../riscv64-unknown-elf/bin/
LIBRARY_PATH=/usr/lib/gcc/riscv64-unknown-elf/12.2.0/
COLLECT_GCC_OPTIONS='-v' '-o' 'cmTC_51706' '-march=rv64imafdc' '-mabi=lp64d' '-misa-spec=20191213' '-march=rv64imafdc_zicsr' '-dumpdir' 'cmTC_51706.'
 /usr/lib/gcc/riscv64-unknown-elf/12.2.0/collect2 -plugin /usr/lib/gcc/riscv64-unknown-elf/12.2.0/liblto_plugin.so -plugin-opt=/usr/lib/gcc/riscv64-unknown-elf/12.2.0/lto-wrapper -plugin-opt=-fresolution=/tmp/ccJ2Bi67.res -plugin-opt=-pass-through=-lgcc -plugin-opt=-pass-through=-lc -plugin-opt=-pass-through=-lgloss -plugin-opt=-pass-through=-lgcc -melf64lriscv -o cmTC_51706 crt0.o /usr/lib/gcc/riscv64-unknown-elf/12.2.0/crtbegin.o -L/usr/lib/gcc/riscv64-unknown-elf/12.2.0 CMakeFiles/cmTC_51706.dir/CMakeCCompilerABI.c.o -lgcc --start-group -lc -lgloss --end-group -lgcc /usr/lib/gcc/riscv64-unknown-elf/12.2.0/crtend.o
/usr/lib/gcc/riscv64-unknown-elf/12.2.0/../../../riscv64-unknown-elf/bin/ld: cannot find crt0.o: No such file or directory
/usr/lib/gcc/riscv64-unknown-elf/12.2.0/../../../riscv64-unknown-elf/bin/ld: cannot find -lc: No such file or directory
/usr/lib/gcc/riscv64-unknown-elf/12.2.0/../../../riscv64-unknown-elf/bin/ld: cannot find -lgloss: No such file or directory
collect2: error: ld returned 1 exit status
gmake[1]: *** [CMakeFiles/cmTC_51706.dir/build.make:99: cmTC_51706] Error 1
gmake[1]: Leaving directory '/home/user/Desktop/testtttt/build/CMakeFiles/CMakeScratch/TryCompile-ZSp3y4'
gmake: *** [Makefile:127: cmTC_51706/fast] Error 2




Determining if the C compiler works failed with the following output:
Change Dir: /home/user/Desktop/testtttt/build/CMakeFiles/CMakeScratch/TryCompile-PLwGUm

Run Build Command(s):/usr/bin/gmake -f Makefile cmTC_7e803/fast && /usr/bin/gmake  -f CMakeFiles/cmTC_7e803.dir/build.make CMakeFiles/cmTC_7e803.dir/build
gmake[1]: Entering directory '/home/user/Desktop/testtttt/build/CMakeFiles/CMakeScratch/TryCompile-PLwGUm'
Building C object CMakeFiles/cmTC_7e803.dir/testCCompiler.c.o
/usr/bin/riscv64-unknown-elf-gcc    -o CMakeFiles/cmTC_7e803.dir/testCCompiler.c.o -c /home/user/Desktop/testtttt/build/CMakeFiles/CMakeScratch/TryCompile-PLwGUm/testCCompiler.c
Linking C executable cmTC_7e803
/usr/bin/cmake -E cmake_link_script CMakeFiles/cmTC_7e803.dir/link.txt --verbose=1
/usr/bin/riscv64-unknown-elf-gcc CMakeFiles/cmTC_7e803.dir/testCCompiler.c.o -o cmTC_7e803 
/usr/lib/gcc/riscv64-unknown-elf/12.2.0/../../../riscv64-unknown-elf/bin/ld: cannot find crt0.o: No such file or directory
/usr/lib/gcc/riscv64-unknown-elf/12.2.0/../../../riscv64-unknown-elf/bin/ld: cannot find -lc: No such file or directory
/usr/lib/gcc/riscv64-unknown-elf/12.2.0/../../../riscv64-unknown-elf/bin/ld: cannot find -lgloss: No such file or directory
collect2: error: ld returned 1 exit status
gmake[1]: *** [CMakeFiles/cmTC_7e803.dir/build.make:99: cmTC_7e803] Error 1
gmake[1]: Leaving directory '/home/user/Desktop/testtttt/build/CMakeFiles/CMakeScratch/TryCompile-PLwGUm'
gmake: *** [Makefile:127: cmTC_7e803/fast] Error 2



Detecting C compiler ABI info failed to compile with the following output:
Change Dir: /home/user/Desktop/testtttt/build/CMakeFiles/CMakeScratch/TryCompile-1xXRh7

Run Build Command(s):/usr/bin/gmake -f Makefile cmTC_957da/fast && /usr/bin/gmake  -f CMakeFiles/cmTC_957da.dir/build.make CMakeFiles/cmTC_957da.dir/build
gmake[1]: Entering directory '/home/user/Desktop/testtttt/build/CMakeFiles/CMakeScratch/TryCompile-1xXRh7'
Building C object CMakeFiles/cmTC_957da.dir/CMakeCCompilerABI.c.o
/usr/bin/riscv64-unknown-elf-gcc   -v -o CMakeFiles/cmTC_957da.dir/CMakeCCompilerABI.c.o -c /usr/share/cmake-3.25/Modules/CMakeCCompilerABI.c
Using built-in specs.
COLLECT_GCC=/usr/bin/riscv64-unknown-elf-gcc
Target: riscv64-unknown-elf
Configured with: ../gcc-12.2.0/configure --build=x86_64-linux-gnu --prefix=/usr --includedir='/usr/lib/include' --mandir='/usr/lib/share/man' --infodir='/usr/lib/share/info' --sysconfdir=/etc --localstatedir=/var --disable-option-checking --disable-silent-rules --libdir='/usr/lib/lib/x86_64-linux-gnu' --libexecdir='/usr/lib/lib/x86_64-linux-gnu' --disable-maintainer-mode --disable-dependency-tracking --enable-languages=c,c++ --prefix=/usr/lib --infodir=/usr/share/doc/gcc-riscv64-unknown-elf/info --mandir=/usr/share/man --htmldir=/usr/share/doc/gcc-riscv64-unknown-elf/html --pdfdir=/usr/share/doc/gcc-riscv64-unknown-elf/pdf --bindir=/usr/bin --libexecdir=/usr/lib --libdir=/usr/lib --with-system-zlib --enable-multilib --disable-decimal-float --disable-libffi --disable-libgomp --disable-libmudflap --disable-libquadmath --disable-libssp --disable-libstdcxx-pch --disable-libstdc++-v3 --disable-nls --disable-shared --disable-threads --with-arch=rv64imafdc --enable-tls --build=x86_64-linux-gnu --host=x86_64-linux-gnu --target=riscv64-unknown-elf --with-gnu-as --with-gnu-ld --with-headers=no --without-newlib --with-pkgversion=12.2.0-14+11+b1 --without-included-gettext SED=/bin/sed SHELL=/bin/sh BASH=/bin/bash CONFIG_SHELL=/bin/bash AR_FOR_TARGET=riscv64-unknown-elf-ar AS_FOR_TARGET=riscv64-unknown-elf-as LD_FOR_TARGET=riscv64-unknown-elf-ld NM_FOR_TARGET=riscv64-unknown-elf-nm OBJDUMP_FOR_TARGET=riscv64-unknown-elf-objdump RANLIB_FOR_TARGET=riscv64-unknown-elf-ranlib READELF_FOR_TARGET=riscv64-unknown-elf-readelf STRIP_FOR_TARGET=riscv64-unknown-elf-strip ASFLAGS= CFLAGS='-g -O2 -ffile-prefix-map=/build/gcc-riscv64-unknown-elf-jdqiw5/gcc-riscv64-unknown-elf-11+b1=. -fstack-protector-strong' CPPFLAGS='-Wdate-time -D_FORTIFY_SOURCE=2' CXXFLAGS='-g -O2 -ffile-prefix-map=/build/gcc-riscv64-unknown-elf-jdqiw5/gcc-riscv64-unknown-elf-11+b1=. -fstack-protector-strong' DFLAGS=-frelease FCFLAGS='-g -O2 -ffile-prefix-map=/build/gcc-riscv64-unknown-elf-jdqiw5/gcc-riscv64-unknown-elf-11+b1=. -fstack-protector-strong' FFLAGS='-g -O2 -ffile-prefix-map=/build/gcc-riscv64-unknown-elf-jdqiw5/gcc-riscv64-unknown-elf-11+b1=. -fstack-protector-strong' GCJFLAGS='-g -O2 -ffile-prefix-map=/build/gcc-riscv64-unknown-elf-jdqiw5/gcc-riscv64-unknown-elf-11+b1=. -fstack-protector-strong' LDFLAGS='-Wl,-z,relro -Wl,-z,now' OBJCFLAGS='-g -O2 -ffile-prefix-map=/build/gcc-riscv64-unknown-elf-jdqiw5/gcc-riscv64-unknown-elf-11+b1=. -fstack-protector-strong' OBJCXXFLAGS='-g -O2 -ffile-prefix-map=/build/gcc-riscv64-unknown-elf-jdqiw5/gcc-riscv64-unknown-elf-11+b1=. -fstack-protector-strong' INHIBIT_LIBC_CFLAGS=-DUSE_TM_CLONE_REGISTRY=0 'CFLAGS_FOR_TARGET=-Os -mcmodel=medany' 'CXXFLAGS_FOR_TARGET=-Os -mcmodel=medany'
Thread model: single
Supported LTO compression algorithms: zlib
gcc version 12.2.0 (12.2.0-14+11+b1) 
COLLECT_GCC_OPTIONS='-v' '-o' 'CMakeFiles/cmTC_957da.dir/CMakeCCompilerABI.c.o' '-c' '-march=rv64imafdc' '-mabi=lp64d' '-misa-spec=20191213' '-march=rv64imafdc_zicsr' '-dumpdir' 'CMakeFiles/cmTC_957da.dir/'
 /usr/lib/gcc/riscv64-unknown-elf/12.2.0/cc1 -quiet -v /usr/share/cmake-3.25/Modules/CMakeCCompilerABI.c -quiet -dumpdir CMakeFiles/cmTC_957da.dir/ -dumpbase CMakeCCompilerABI.c.c -dumpbase-ext .c -march=rv64imafdc -mabi=lp64d -misa-spec=20191213 -march=rv64imafdc_zicsr -version -o /tmp/ccorbg3K.s
GNU C17 (12.2.0-14+11+b1) version 12.2.0 (riscv64-unknown-elf)
	compiled by GNU C version 12.2.0, GMP version 6.2.1, MPFR version 4.2.0, MPC version 1.3.1, isl version isl-0.25-GMP

GGC heuristics: --param ggc-min-expand=100 --param ggc-min-heapsize=131072
ignoring nonexistent directory "/usr/lib/gcc/riscv64-unknown-elf/12.2.0/../../../riscv64-unknown-elf/sys-include"
ignoring nonexistent directory "/usr/lib/gcc/riscv64-unknown-elf/12.2.0/../../../riscv64-unknown-elf/include"
#include "..." search starts here:
#include <...> search starts here:
 /usr/lib/gcc/riscv64-unknown-elf/12.2.0/include
 /usr/lib/gcc/riscv64-unknown-elf/12.2.0/include-fixed
End of search list.
GNU C17 (12.2.0-14+11+b1) version 12.2.0 (riscv64-unknown-elf)
	compiled by GNU C version 12.2.0, GMP version 6.2.1, MPFR version 4.2.0, MPC version 1.3.1, isl version isl-0.25-GMP

GGC heuristics: --param ggc-min-expand=100 --param ggc-min-heapsize=131072
Compiler executable checksum: 22c67a28cd545d264f1d38d96274d665
COLLECT_GCC_OPTIONS='-v' '-o' 'CMakeFiles/cmTC_957da.dir/CMakeCCompilerABI.c.o' '-c' '-march=rv64imafdc' '-mabi=lp64d' '-misa-spec=20191213' '-march=rv64imafdc_zicsr' '-dumpdir' 'CMakeFiles/cmTC_957da.dir/'
 /usr/lib/gcc/riscv64-unknown-elf/12.2.0/../../../riscv64-unknown-elf/bin/as -v --traditional-format -march=rv64imafdc -march=rv64imafdc_zicsr -mabi=lp64d -misa-spec=20191213 -o CMakeFiles/cmTC_957da.dir/CMakeCCompilerABI.c.o /tmp/ccorbg3K.s
GNU assembler version 2.40 (riscv64-unknown-elf) using BFD version (2.40-2+4+b1) 2.40
COMPILER_PATH=/usr/lib/gcc/riscv64-unknown-elf/12.2.0/:/usr/lib/gcc/riscv64-unknown-elf/12.2.0/:/usr/lib/gcc/riscv64-unknown-elf/:/usr/lib/gcc/riscv64-unknown-elf/12.2.0/:/usr/lib/gcc/riscv64-unknown-elf/:/usr/lib/gcc/riscv64-unknown-elf/12.2.0/../../../riscv64-unknown-elf/bin/
LIBRARY_PATH=/usr/lib/gcc/riscv64-unknown-elf/12.2.0/
COLLECT_GCC_OPTIONS='-v' '-o' 'CMakeFiles/cmTC_957da.dir/CMakeCCompilerABI.c.o' '-c' '-march=rv64imafdc' '-mabi=lp64d' '-misa-spec=20191213' '-march=rv64imafdc_zicsr' '-dumpdir' 'CMakeFiles/cmTC_957da.dir/CMakeCCompilerABI.c.'
Linking C executable cmTC_957da
/usr/bin/cmake -E cmake_link_script CMakeFiles/cmTC_957da.dir/link.txt --verbose=1
/usr/bin/riscv64-unknown-elf-gcc  -v CMakeFiles/cmTC_957da.dir/CMakeCCompilerABI.c.o -o cmTC_957da 
Using built-in specs.
COLLECT_GCC=/usr/bin/riscv64-unknown-elf-gcc
COLLECT_LTO_WRAPPER=/usr/lib/gcc/riscv64-unknown-elf/12.2.0/lto-wrapper
Target: riscv64-unknown-elf
Configured with: ../gcc-12.2.0/configure --build=x86_64-linux-gnu --prefix=/usr --includedir='/usr/lib/include' --mandir='/usr/lib/share/man' --infodir='/usr/lib/share/info' --sysconfdir=/etc --localstatedir=/var --disable-option-checking --disable-silent-rules --libdir='/usr/lib/lib/x86_64-linux-gnu' --libexecdir='/usr/lib/lib/x86_64-linux-gnu' --disable-maintainer-mode --disable-dependency-tracking --enable-languages=c,c++ --prefix=/usr/lib --infodir=/usr/share/doc/gcc-riscv64-unknown-elf/info --mandir=/usr/share/man --htmldir=/usr/share/doc/gcc-riscv64-unknown-elf/html --pdfdir=/usr/share/doc/gcc-riscv64-unknown-elf/pdf --bindir=/usr/bin --libexecdir=/usr/lib --libdir=/usr/lib --with-system-zlib --enable-multilib --disable-decimal-float --disable-libffi --disable-libgomp --disable-libmudflap --disable-libquadmath --disable-libssp --disable-libstdcxx-pch --disable-libstdc++-v3 --disable-nls --disable-shared --disable-threads --with-arch=rv64imafdc --enable-tls --build=x86_64-linux-gnu --host=x86_64-linux-gnu --target=riscv64-unknown-elf --with-gnu-as --with-gnu-ld --with-headers=no --without-newlib --with-pkgversion=12.2.0-14+11+b1 --without-included-gettext SED=/bin/sed SHELL=/bin/sh BASH=/bin/bash CONFIG_SHELL=/bin/bash AR_FOR_TARGET=riscv64-unknown-elf-ar AS_FOR_TARGET=riscv64-unknown-elf-as LD_FOR_TARGET=riscv64-unknown-elf-ld NM_FOR_TARGET=riscv64-unknown-elf-nm OBJDUMP_FOR_TARGET=riscv64-unknown-elf-objdump RANLIB_FOR_TARGET=riscv64-unknown-elf-ranlib READELF_FOR_TARGET=riscv64-unknown-elf-readelf STRIP_FOR_TARGET=riscv64-unknown-elf-strip ASFLAGS= CFLAGS='-g -O2 -ffile-prefix-map=/build/gcc-riscv64-unknown-elf-jdqiw5/gcc-riscv64-unknown-elf-11+b1=. -fstack-protector-strong' CPPFLAGS='-Wdate-time -D_FORTIFY_SOURCE=2' CXXFLAGS='-g -O2 -ffile-prefix-map=/build/gcc-riscv64-unknown-elf-jdqiw5/gcc-riscv64-unknown-elf-11+b1=. -fstack-protector-strong' DFLAGS=-frelease FCFLAGS='-g -O2 -ffile-prefix-map=/build/gcc-riscv64-unknown-elf-jdqiw5/gcc-riscv64-unknown-elf-11+b1=. -fstack-protector-strong' FFLAGS='-g -O2 -ffile-prefix-map=/build/gcc-riscv64-unknown-elf-jdqiw5/gcc-riscv64-unknown-elf-11+b1=. -fstack-protector-strong' GCJFLAGS='-g -O2 -ffile-prefix-map=/build/gcc-riscv64-unknown-elf-jdqiw5/gcc-riscv64-unknown-elf-11+b1=. -fstack-protector-strong' LDFLAGS='-Wl,-z,relro -Wl,-z,now' OBJCFLAGS='-g -O2 -ffile-prefix-map=/build/gcc-riscv64-unknown-elf-jdqiw5/gcc-riscv64-unknown-elf-11+b1=. -fstack-protector-strong' OBJCXXFLAGS='-g -O2 -ffile-prefix-map=/build/gcc-riscv64-unknown-elf-jdqiw5/gcc-riscv64-unknown-elf-11+b1=. -fstack-protector-strong' INHIBIT_LIBC_CFLAGS=-DUSE_TM_CLONE_REGISTRY=0 'CFLAGS_FOR_TARGET=-Os -mcmodel=medany' 'CXXFLAGS_FOR_TARGET=-Os -mcmodel=medany'
Thread model: single
Supported LTO compression algorithms: zlib
gcc version 12.2.0 (12.2.0-14+11+b1) 
COMPILER_PATH=/usr/lib/gcc/riscv64-unknown-elf/12.2.0/:/usr/lib/gcc/riscv64-unknown-elf/12.2.0/:/usr/lib/gcc/riscv64-unknown-elf/:/usr/lib/gcc/riscv64-unknown-elf/12.2.0/:/usr/lib/gcc/riscv64-unknown-elf/:/usr/lib/gcc/riscv64-unknown-elf/12.2.0/../../../riscv64-unknown-elf/bin/
LIBRARY_PATH=/usr/lib/gcc/riscv64-unknown-elf/12.2.0/
COLLECT_GCC_OPTIONS='-v' '-o' 'cmTC_957da' '-march=rv64imafdc' '-mabi=lp64d' '-misa-spec=20191213' '-march=rv64imafdc_zicsr' '-dumpdir' 'cmTC_957da.'
 /usr/lib/gcc/riscv64-unknown-elf/12.2.0/collect2 -plugin /usr/lib/gcc/riscv64-unknown-elf/12.2.0/liblto_plugin.so -plugin-opt=/usr/lib/gcc/riscv64-unknown-elf/12.2.0/lto-wrapper -plugin-opt=-fresolution=/tmp/ccVXl65k.res -plugin-opt=-pass-through=-lgcc -plugin-opt=-pass-through=-lc -plugin-opt=-pass-through=-lgloss -plugin-opt=-pass-through=-lgcc -melf64lriscv -o cmTC_957da crt0.o /usr/lib/gcc/riscv64-unknown-elf/12.2.0/crtbegin.o -L/usr/lib/gcc/riscv64-unknown-elf/12.2.0 CMakeFiles/cmTC_957da.dir/CMakeCCompilerABI.c.o -lgcc --start-group -lc -lgloss --end-group -lgcc /usr/lib/gcc/riscv64-unknown-elf/12.2.0/crtend.o
/usr/lib/gcc/riscv64-unknown-elf/12.2.0/../../../riscv64-unknown-elf/bin/ld: cannot find crt0.o: No such file or directory
/usr/lib/gcc/riscv64-unknown-elf/12.2.0/../../../riscv64-unknown-elf/bin/ld: cannot find -lc: No such file or directory
/usr/lib/gcc/riscv64-unknown-elf/12.2.0/../../../riscv64-unknown-elf/bin/ld: cannot find -lgloss: No such file or directory
collect2: error: ld returned 1 exit status
gmake[1]: *** [CMakeFiles/cmTC_957da.dir/build.make:99: cmTC_957da] Error 1
gmake[1]: Leaving directory '/home/user/Desktop/testtttt/build/CMakeFiles/CMakeScratch/TryCompile-1xXRh7'
gmake: *** [Makefile:127: cmTC_957da/fast] Error 2




Determining if the C compiler works failed with the following output:
Change Dir: /home/user/Desktop/testtttt/build/CMakeFiles/CMakeScratch/TryCompile-6YvWqS

Run Build Command(s):/usr/bin/gmake -f Makefile cmTC_80697/fast && /usr/bin/gmake  -f CMakeFiles/cmTC_80697.dir/build.make CMakeFiles/cmTC_80697.dir/build
gmake[1]: Entering directory '/home/user/Desktop/testtttt/build/CMakeFiles/CMakeScratch/TryCompile-6YvWqS'
Building C object CMakeFiles/cmTC_80697.dir/testCCompiler.c.o
/usr/bin/riscv64-unknown-elf-gcc    -o CMakeFiles/cmTC_80697.dir/testCCompiler.c.o -c /home/user/Desktop/testtttt/build/CMakeFiles/CMakeScratch/TryCompile-6YvWqS/testCCompiler.c
Linking C executable cmTC_80697
/usr/bin/cmake -E cmake_link_script CMakeFiles/cmTC_80697.dir/link.txt --verbose=1
/usr/bin/riscv64-unknown-elf-gcc CMakeFiles/cmTC_80697.dir/testCCompiler.c.o -o cmTC_80697 
/usr/lib/gcc/riscv64-unknown-elf/12.2.0/../../../riscv64-unknown-elf/bin/ld: cannot find crt0.o: No such file or directory
/usr/lib/gcc/riscv64-unknown-elf/12.2.0/../../../riscv64-unknown-elf/bin/ld: cannot find -lc: No such file or directory
/usr/lib/gcc/riscv64-unknown-elf/12.2.0/../../../riscv64-unknown-elf/bin/ld: cannot find -lgloss: No such file or directory
collect2: error: ld returned 1 exit status
gmake[1]: *** [CMakeFiles/cmTC_80697.dir/build.make:99: cmTC_80697] Error 1
gmake[1]: Leaving directory '/home/user/Desktop/testtttt/build/CMakeFiles/CMakeScratch/TryCompile-6YvWqS'
gmake: *** [Makefile:127: cmTC_80697/fast] Error 2



